2020-06-04 14:14:24 DEBUG logging:38 - Logging Provider: org.jboss.logging.Log4jLoggerProvider
2020-06-04 14:14:24 DEBUG LogHelper:102 - PersistenceUnitInfo [
	name: default
	persistence provider classname: null
	classloader: ParallelWebappClassLoader
  context: ROOT
  delegate: false
----------> Parent Classloader:
java.net.URLClassLoader@1c4af82c

	excludeUnlistedClasses: true
	JTA datasource: null
	Non JTA datasource: org.springframework.jdbc.datasource.DriverManagerDataSource@4967df30
	Transaction type: RESOURCE_LOCAL
	PU root URL: file:/C:/Program%20Files/Apache%20Software%20Foundation/Tomcat%209.0/webapps/ROOT/WEB-INF/classes/
	Shared Cache Mode: UNSPECIFIED
	Validation Mode: AUTO
	Jar files URLs []
	Managed classes names [
		customer.model.Customer]
	Mapping files names []
	Properties []
2020-06-04 14:14:24 DEBUG IntegratorServiceImpl:46 - Adding Integrator [org.hibernate.cfg.beanvalidation.BeanValidationIntegrator].
2020-06-04 14:14:24 DEBUG IntegratorServiceImpl:46 - Adding Integrator [org.hibernate.secure.spi.JaccIntegrator].
2020-06-04 14:14:24 DEBUG IntegratorServiceImpl:46 - Adding Integrator [org.hibernate.cache.internal.CollectionCacheInvalidator].
2020-06-04 14:14:24 TRACE StrategySelectorImpl:70 - Registering named strategy selector [org.hibernate.dialect.Dialect] : [Cache71] -> [org.hibernate.dialect.Cache71Dialect]
2020-06-04 14:14:24 TRACE StrategySelectorImpl:70 - Registering named strategy selector [org.hibernate.dialect.Dialect] : [CUBRID] -> [org.hibernate.dialect.CUBRIDDialect]
2020-06-04 14:14:24 TRACE StrategySelectorImpl:70 - Registering named strategy selector [org.hibernate.dialect.Dialect] : [DB2] -> [org.hibernate.dialect.DB2Dialect]
2020-06-04 14:14:24 TRACE StrategySelectorImpl:70 - Registering named strategy selector [org.hibernate.dialect.Dialect] : [DB2390] -> [org.hibernate.dialect.DB2390Dialect]
2020-06-04 14:14:24 TRACE StrategySelectorImpl:70 - Registering named strategy selector [org.hibernate.dialect.Dialect] : [DB2390V8] -> [org.hibernate.dialect.DB2390V8Dialect]
2020-06-04 14:14:24 TRACE StrategySelectorImpl:70 - Registering named strategy selector [org.hibernate.dialect.Dialect] : [DB2400] -> [org.hibernate.dialect.DB2400Dialect]
2020-06-04 14:14:24 TRACE StrategySelectorImpl:70 - Registering named strategy selector [org.hibernate.dialect.Dialect] : [DerbyTenFive] -> [org.hibernate.dialect.DerbyTenFiveDialect]
2020-06-04 14:14:24 TRACE StrategySelectorImpl:70 - Registering named strategy selector [org.hibernate.dialect.Dialect] : [DerbyTenSix] -> [org.hibernate.dialect.DerbyTenSixDialect]
2020-06-04 14:14:24 TRACE StrategySelectorImpl:70 - Registering named strategy selector [org.hibernate.dialect.Dialect] : [DerbyTenSeven] -> [org.hibernate.dialect.DerbyTenSevenDialect]
2020-06-04 14:14:24 TRACE StrategySelectorImpl:70 - Registering named strategy selector [org.hibernate.dialect.Dialect] : [Firebird] -> [org.hibernate.dialect.FirebirdDialect]
2020-06-04 14:14:24 TRACE StrategySelectorImpl:70 - Registering named strategy selector [org.hibernate.dialect.Dialect] : [FrontBase] -> [org.hibernate.dialect.FrontBaseDialect]
2020-06-04 14:14:24 TRACE StrategySelectorImpl:70 - Registering named strategy selector [org.hibernate.dialect.Dialect] : [H2] -> [org.hibernate.dialect.H2Dialect]
2020-06-04 14:14:24 TRACE StrategySelectorImpl:70 - Registering named strategy selector [org.hibernate.dialect.Dialect] : [HANAColumnStore] -> [org.hibernate.dialect.HANAColumnStoreDialect]
2020-06-04 14:14:24 TRACE StrategySelectorImpl:70 - Registering named strategy selector [org.hibernate.dialect.Dialect] : [HANARowStore] -> [org.hibernate.dialect.HANARowStoreDialect]
2020-06-04 14:14:24 TRACE StrategySelectorImpl:70 - Registering named strategy selector [org.hibernate.dialect.Dialect] : [HSQL] -> [org.hibernate.dialect.HSQLDialect]
2020-06-04 14:14:24 TRACE StrategySelectorImpl:70 - Registering named strategy selector [org.hibernate.dialect.Dialect] : [Informix] -> [org.hibernate.dialect.InformixDialect]
2020-06-04 14:14:24 TRACE StrategySelectorImpl:70 - Registering named strategy selector [org.hibernate.dialect.Dialect] : [Ingres] -> [org.hibernate.dialect.IngresDialect]
2020-06-04 14:14:24 TRACE StrategySelectorImpl:70 - Registering named strategy selector [org.hibernate.dialect.Dialect] : [Ingres9] -> [org.hibernate.dialect.Ingres9Dialect]
2020-06-04 14:14:24 TRACE StrategySelectorImpl:70 - Registering named strategy selector [org.hibernate.dialect.Dialect] : [Ingres10] -> [org.hibernate.dialect.Ingres10Dialect]
2020-06-04 14:14:24 TRACE StrategySelectorImpl:70 - Registering named strategy selector [org.hibernate.dialect.Dialect] : [Interbase] -> [org.hibernate.dialect.InterbaseDialect]
2020-06-04 14:14:24 TRACE StrategySelectorImpl:70 - Registering named strategy selector [org.hibernate.dialect.Dialect] : [JDataStore] -> [org.hibernate.dialect.JDataStoreDialect]
2020-06-04 14:14:24 TRACE StrategySelectorImpl:70 - Registering named strategy selector [org.hibernate.dialect.Dialect] : [Mckoi] -> [org.hibernate.dialect.MckoiDialect]
2020-06-04 14:14:24 TRACE StrategySelectorImpl:70 - Registering named strategy selector [org.hibernate.dialect.Dialect] : [MimerSQL] -> [org.hibernate.dialect.MimerSQLDialect]
2020-06-04 14:14:24 TRACE StrategySelectorImpl:70 - Registering named strategy selector [org.hibernate.dialect.Dialect] : [MySQL5] -> [org.hibernate.dialect.MySQL5Dialect]
2020-06-04 14:14:24 TRACE StrategySelectorImpl:70 - Registering named strategy selector [org.hibernate.dialect.Dialect] : [MySQL5InnoDB] -> [org.hibernate.dialect.MySQL5InnoDBDialect]
2020-06-04 14:14:24 TRACE StrategySelectorImpl:70 - Registering named strategy selector [org.hibernate.dialect.Dialect] : [MySQL57InnoDB] -> [org.hibernate.dialect.MySQL57InnoDBDialect]
2020-06-04 14:14:24 TRACE StrategySelectorImpl:70 - Registering named strategy selector [org.hibernate.dialect.Dialect] : [MySQL57] -> [org.hibernate.dialect.MySQL57Dialect]
2020-06-04 14:14:24 TRACE StrategySelectorImpl:70 - Registering named strategy selector [org.hibernate.dialect.Dialect] : [Oracle8i] -> [org.hibernate.dialect.Oracle8iDialect]
2020-06-04 14:14:24 TRACE StrategySelectorImpl:70 - Registering named strategy selector [org.hibernate.dialect.Dialect] : [Oracle9i] -> [org.hibernate.dialect.Oracle9iDialect]
2020-06-04 14:14:24 TRACE StrategySelectorImpl:70 - Registering named strategy selector [org.hibernate.dialect.Dialect] : [Oracle10g] -> [org.hibernate.dialect.Oracle10gDialect]
2020-06-04 14:14:24 TRACE StrategySelectorImpl:70 - Registering named strategy selector [org.hibernate.dialect.Dialect] : [Pointbase] -> [org.hibernate.dialect.PointbaseDialect]
2020-06-04 14:14:24 TRACE StrategySelectorImpl:70 - Registering named strategy selector [org.hibernate.dialect.Dialect] : [PostgresPlus] -> [org.hibernate.dialect.PostgresPlusDialect]
2020-06-04 14:14:24 TRACE StrategySelectorImpl:70 - Registering named strategy selector [org.hibernate.dialect.Dialect] : [PostgreSQL81] -> [org.hibernate.dialect.PostgreSQL81Dialect]
2020-06-04 14:14:24 TRACE StrategySelectorImpl:70 - Registering named strategy selector [org.hibernate.dialect.Dialect] : [PostgreSQL82] -> [org.hibernate.dialect.PostgreSQL82Dialect]
2020-06-04 14:14:24 TRACE StrategySelectorImpl:70 - Registering named strategy selector [org.hibernate.dialect.Dialect] : [PostgreSQL9] -> [org.hibernate.dialect.PostgreSQL9Dialect]
2020-06-04 14:14:24 TRACE StrategySelectorImpl:70 - Registering named strategy selector [org.hibernate.dialect.Dialect] : [Progress] -> [org.hibernate.dialect.ProgressDialect]
2020-06-04 14:14:24 TRACE StrategySelectorImpl:70 - Registering named strategy selector [org.hibernate.dialect.Dialect] : [SAPDB] -> [org.hibernate.dialect.SAPDBDialect]
2020-06-04 14:14:24 TRACE StrategySelectorImpl:70 - Registering named strategy selector [org.hibernate.dialect.Dialect] : [SQLServer] -> [org.hibernate.dialect.SQLServerDialect]
2020-06-04 14:14:24 TRACE StrategySelectorImpl:70 - Registering named strategy selector [org.hibernate.dialect.Dialect] : [SQLServer2005] -> [org.hibernate.dialect.SQLServer2005Dialect]
2020-06-04 14:14:24 TRACE StrategySelectorImpl:70 - Registering named strategy selector [org.hibernate.dialect.Dialect] : [SQLServer2008] -> [org.hibernate.dialect.SQLServer2008Dialect]
2020-06-04 14:14:24 TRACE StrategySelectorImpl:70 - Registering named strategy selector [org.hibernate.dialect.Dialect] : [Sybase11] -> [org.hibernate.dialect.Sybase11Dialect]
2020-06-04 14:14:24 TRACE StrategySelectorImpl:70 - Registering named strategy selector [org.hibernate.dialect.Dialect] : [SybaseAnywhere] -> [org.hibernate.dialect.SybaseAnywhereDialect]
2020-06-04 14:14:24 TRACE StrategySelectorImpl:70 - Registering named strategy selector [org.hibernate.dialect.Dialect] : [SybaseASE15] -> [org.hibernate.dialect.SybaseASE15Dialect]
2020-06-04 14:14:24 TRACE StrategySelectorImpl:70 - Registering named strategy selector [org.hibernate.dialect.Dialect] : [SybaseASE157] -> [org.hibernate.dialect.SybaseASE157Dialect]
2020-06-04 14:14:24 TRACE StrategySelectorImpl:70 - Registering named strategy selector [org.hibernate.dialect.Dialect] : [Teradata] -> [org.hibernate.dialect.TeradataDialect]
2020-06-04 14:14:24 TRACE StrategySelectorImpl:70 - Registering named strategy selector [org.hibernate.dialect.Dialect] : [TimesTen] -> [org.hibernate.dialect.TimesTenDialect]
2020-06-04 14:14:24 TRACE StrategySelectorImpl:70 - Registering named strategy selector [org.hibernate.engine.transaction.jta.platform.spi.JtaPlatform] : [Borland] -> [org.hibernate.engine.transaction.jta.platform.internal.BorlandEnterpriseServerJtaPlatform]
2020-06-04 14:14:24 TRACE StrategySelectorImpl:70 - Registering named strategy selector [org.hibernate.engine.transaction.jta.platform.spi.JtaPlatform] : [org.hibernate.service.jta.platform.internal.BorlandEnterpriseServerJtaPlatform] -> [org.hibernate.engine.transaction.jta.platform.internal.BorlandEnterpriseServerJtaPlatform]
2020-06-04 14:14:24 TRACE StrategySelectorImpl:70 - Registering named strategy selector [org.hibernate.engine.transaction.jta.platform.spi.JtaPlatform] : [Bitronix] -> [org.hibernate.engine.transaction.jta.platform.internal.BitronixJtaPlatform]
2020-06-04 14:14:24 TRACE StrategySelectorImpl:70 - Registering named strategy selector [org.hibernate.engine.transaction.jta.platform.spi.JtaPlatform] : [org.hibernate.service.jta.platform.internal.BitronixJtaPlatform] -> [org.hibernate.engine.transaction.jta.platform.internal.BitronixJtaPlatform]
2020-06-04 14:14:24 TRACE StrategySelectorImpl:70 - Registering named strategy selector [org.hibernate.engine.transaction.jta.platform.spi.JtaPlatform] : [JBossAS] -> [org.hibernate.engine.transaction.jta.platform.internal.JBossAppServerJtaPlatform]
2020-06-04 14:14:24 TRACE StrategySelectorImpl:70 - Registering named strategy selector [org.hibernate.engine.transaction.jta.platform.spi.JtaPlatform] : [org.hibernate.service.jta.platform.internal.JBossAppServerJtaPlatform] -> [org.hibernate.engine.transaction.jta.platform.internal.JBossAppServerJtaPlatform]
2020-06-04 14:14:24 TRACE StrategySelectorImpl:70 - Registering named strategy selector [org.hibernate.engine.transaction.jta.platform.spi.JtaPlatform] : [JBossTS] -> [org.hibernate.engine.transaction.jta.platform.internal.JBossStandAloneJtaPlatform]
2020-06-04 14:14:24 TRACE StrategySelectorImpl:70 - Registering named strategy selector [org.hibernate.engine.transaction.jta.platform.spi.JtaPlatform] : [org.hibernate.service.jta.platform.internal.JBossStandAloneJtaPlatform] -> [org.hibernate.engine.transaction.jta.platform.internal.JBossStandAloneJtaPlatform]
2020-06-04 14:14:24 TRACE StrategySelectorImpl:70 - Registering named strategy selector [org.hibernate.engine.transaction.jta.platform.spi.JtaPlatform] : [JOnAS] -> [org.hibernate.engine.transaction.jta.platform.internal.JOnASJtaPlatform]
2020-06-04 14:14:24 TRACE StrategySelectorImpl:70 - Registering named strategy selector [org.hibernate.engine.transaction.jta.platform.spi.JtaPlatform] : [org.hibernate.service.jta.platform.internal.JOnASJtaPlatform] -> [org.hibernate.engine.transaction.jta.platform.internal.JOnASJtaPlatform]
2020-06-04 14:14:24 TRACE StrategySelectorImpl:70 - Registering named strategy selector [org.hibernate.engine.transaction.jta.platform.spi.JtaPlatform] : [JOTM] -> [org.hibernate.engine.transaction.jta.platform.internal.JOTMJtaPlatform]
2020-06-04 14:14:24 TRACE StrategySelectorImpl:70 - Registering named strategy selector [org.hibernate.engine.transaction.jta.platform.spi.JtaPlatform] : [org.hibernate.service.jta.platform.internal.JOTMJtaPlatform] -> [org.hibernate.engine.transaction.jta.platform.internal.JOTMJtaPlatform]
2020-06-04 14:14:24 TRACE StrategySelectorImpl:70 - Registering named strategy selector [org.hibernate.engine.transaction.jta.platform.spi.JtaPlatform] : [JRun4] -> [org.hibernate.engine.transaction.jta.platform.internal.JRun4JtaPlatform]
2020-06-04 14:14:24 TRACE StrategySelectorImpl:70 - Registering named strategy selector [org.hibernate.engine.transaction.jta.platform.spi.JtaPlatform] : [org.hibernate.service.jta.platform.internal.JRun4JtaPlatform] -> [org.hibernate.engine.transaction.jta.platform.internal.JRun4JtaPlatform]
2020-06-04 14:14:24 TRACE StrategySelectorImpl:70 - Registering named strategy selector [org.hibernate.engine.transaction.jta.platform.spi.JtaPlatform] : [OC4J] -> [org.hibernate.engine.transaction.jta.platform.internal.OC4JJtaPlatform]
2020-06-04 14:14:24 TRACE StrategySelectorImpl:70 - Registering named strategy selector [org.hibernate.engine.transaction.jta.platform.spi.JtaPlatform] : [org.hibernate.service.jta.platform.internal.OC4JJtaPlatform] -> [org.hibernate.engine.transaction.jta.platform.internal.OC4JJtaPlatform]
2020-06-04 14:14:24 TRACE StrategySelectorImpl:70 - Registering named strategy selector [org.hibernate.engine.transaction.jta.platform.spi.JtaPlatform] : [Orion] -> [org.hibernate.engine.transaction.jta.platform.internal.OrionJtaPlatform]
2020-06-04 14:14:24 TRACE StrategySelectorImpl:70 - Registering named strategy selector [org.hibernate.engine.transaction.jta.platform.spi.JtaPlatform] : [org.hibernate.service.jta.platform.internal.OrionJtaPlatform] -> [org.hibernate.engine.transaction.jta.platform.internal.OrionJtaPlatform]
2020-06-04 14:14:24 TRACE StrategySelectorImpl:70 - Registering named strategy selector [org.hibernate.engine.transaction.jta.platform.spi.JtaPlatform] : [Resin] -> [org.hibernate.engine.transaction.jta.platform.internal.ResinJtaPlatform]
2020-06-04 14:14:24 TRACE StrategySelectorImpl:70 - Registering named strategy selector [org.hibernate.engine.transaction.jta.platform.spi.JtaPlatform] : [org.hibernate.service.jta.platform.internal.ResinJtaPlatform] -> [org.hibernate.engine.transaction.jta.platform.internal.ResinJtaPlatform]
2020-06-04 14:14:24 TRACE StrategySelectorImpl:70 - Registering named strategy selector [org.hibernate.engine.transaction.jta.platform.spi.JtaPlatform] : [SapNetWeaver] -> [org.hibernate.engine.transaction.jta.platform.internal.SapNetWeaverJtaPlatform]
2020-06-04 14:14:24 TRACE StrategySelectorImpl:70 - Registering named strategy selector [org.hibernate.engine.transaction.jta.platform.spi.JtaPlatform] : [org.hibernate.service.jta.platform.internal.SapNetWeaverJtaPlatform] -> [org.hibernate.engine.transaction.jta.platform.internal.SapNetWeaverJtaPlatform]
2020-06-04 14:14:24 TRACE StrategySelectorImpl:70 - Registering named strategy selector [org.hibernate.engine.transaction.jta.platform.spi.JtaPlatform] : [SunOne] -> [org.hibernate.engine.transaction.jta.platform.internal.SunOneJtaPlatform]
2020-06-04 14:14:24 TRACE StrategySelectorImpl:70 - Registering named strategy selector [org.hibernate.engine.transaction.jta.platform.spi.JtaPlatform] : [org.hibernate.service.jta.platform.internal.SunOneJtaPlatform] -> [org.hibernate.engine.transaction.jta.platform.internal.SunOneJtaPlatform]
2020-06-04 14:14:24 TRACE StrategySelectorImpl:70 - Registering named strategy selector [org.hibernate.engine.transaction.jta.platform.spi.JtaPlatform] : [Weblogic] -> [org.hibernate.engine.transaction.jta.platform.internal.WeblogicJtaPlatform]
2020-06-04 14:14:24 TRACE StrategySelectorImpl:70 - Registering named strategy selector [org.hibernate.engine.transaction.jta.platform.spi.JtaPlatform] : [org.hibernate.service.jta.platform.internal.WeblogicJtaPlatform] -> [org.hibernate.engine.transaction.jta.platform.internal.WeblogicJtaPlatform]
2020-06-04 14:14:24 TRACE StrategySelectorImpl:70 - Registering named strategy selector [org.hibernate.engine.transaction.jta.platform.spi.JtaPlatform] : [WebSphereLiberty] -> [org.hibernate.engine.transaction.jta.platform.internal.WebSphereLibertyJtaPlatform]
2020-06-04 14:14:24 TRACE StrategySelectorImpl:70 - Registering named strategy selector [org.hibernate.engine.transaction.jta.platform.spi.JtaPlatform] : [org.hibernate.engine.transaction.jta.platform.internal.WebSphereLibertyJtaPlatform] -> [org.hibernate.engine.transaction.jta.platform.internal.WebSphereLibertyJtaPlatform]
2020-06-04 14:14:24 TRACE StrategySelectorImpl:70 - Registering named strategy selector [org.hibernate.engine.transaction.jta.platform.spi.JtaPlatform] : [WebSphere] -> [org.hibernate.engine.transaction.jta.platform.internal.WebSphereJtaPlatform]
2020-06-04 14:14:24 TRACE StrategySelectorImpl:70 - Registering named strategy selector [org.hibernate.engine.transaction.jta.platform.spi.JtaPlatform] : [org.hibernate.service.jta.platform.internal.WebSphereJtaPlatform] -> [org.hibernate.engine.transaction.jta.platform.internal.WebSphereJtaPlatform]
2020-06-04 14:14:24 TRACE StrategySelectorImpl:70 - Registering named strategy selector [org.hibernate.engine.transaction.jta.platform.spi.JtaPlatform] : [WebSphereExtended] -> [org.hibernate.engine.transaction.jta.platform.internal.WebSphereExtendedJtaPlatform]
2020-06-04 14:14:24 TRACE StrategySelectorImpl:70 - Registering named strategy selector [org.hibernate.engine.transaction.jta.platform.spi.JtaPlatform] : [org.hibernate.service.jta.platform.internal.WebSphereExtendedJtaPlatform] -> [org.hibernate.engine.transaction.jta.platform.internal.WebSphereExtendedJtaPlatform]
2020-06-04 14:14:24 TRACE StrategySelectorImpl:70 - Registering named strategy selector [org.hibernate.resource.transaction.spi.TransactionCoordinatorBuilder] : [jdbc] -> [org.hibernate.resource.transaction.backend.jdbc.internal.JdbcResourceLocalTransactionCoordinatorBuilderImpl]
2020-06-04 14:14:24 TRACE StrategySelectorImpl:70 - Registering named strategy selector [org.hibernate.resource.transaction.spi.TransactionCoordinatorBuilder] : [jta] -> [org.hibernate.resource.transaction.backend.jta.internal.JtaTransactionCoordinatorBuilderImpl]
2020-06-04 14:14:24 TRACE StrategySelectorImpl:70 - Registering named strategy selector [org.hibernate.resource.transaction.spi.TransactionCoordinatorBuilder] : [org.hibernate.transaction.JDBCTransactionFactory] -> [org.hibernate.resource.transaction.backend.jdbc.internal.JdbcResourceLocalTransactionCoordinatorBuilderImpl]
2020-06-04 14:14:24 TRACE StrategySelectorImpl:70 - Registering named strategy selector [org.hibernate.resource.transaction.spi.TransactionCoordinatorBuilder] : [org.hibernate.transaction.JTATransactionFactory] -> [org.hibernate.resource.transaction.backend.jta.internal.JtaTransactionCoordinatorBuilderImpl]
2020-06-04 14:14:24 TRACE StrategySelectorImpl:70 - Registering named strategy selector [org.hibernate.resource.transaction.spi.TransactionCoordinatorBuilder] : [org.hibernate.transaction.CMTTransactionFactory] -> [org.hibernate.resource.transaction.backend.jta.internal.JtaTransactionCoordinatorBuilderImpl]
2020-06-04 14:14:24 TRACE StrategySelectorImpl:70 - Registering named strategy selector [org.hibernate.hql.spi.id.MultiTableBulkIdStrategy] : [persistent] -> [org.hibernate.hql.spi.id.persistent.PersistentTableBulkIdStrategy]
2020-06-04 14:14:24 TRACE StrategySelectorImpl:70 - Registering named strategy selector [org.hibernate.hql.spi.id.MultiTableBulkIdStrategy] : [global_temporary] -> [org.hibernate.hql.spi.id.global.GlobalTemporaryTableBulkIdStrategy]
2020-06-04 14:14:24 TRACE StrategySelectorImpl:70 - Registering named strategy selector [org.hibernate.hql.spi.id.MultiTableBulkIdStrategy] : [local_temporary] -> [org.hibernate.hql.spi.id.local.LocalTemporaryTableBulkIdStrategy]
2020-06-04 14:14:24 TRACE StrategySelectorImpl:70 - Registering named strategy selector [org.hibernate.event.spi.EntityCopyObserver] : [disallow] -> [org.hibernate.event.internal.EntityCopyNotAllowedObserver]
2020-06-04 14:14:24 TRACE StrategySelectorImpl:70 - Registering named strategy selector [org.hibernate.event.spi.EntityCopyObserver] : [allow] -> [org.hibernate.event.internal.EntityCopyAllowedObserver]
2020-06-04 14:14:24 TRACE StrategySelectorImpl:70 - Registering named strategy selector [org.hibernate.event.spi.EntityCopyObserver] : [log] -> [org.hibernate.event.internal.EntityCopyAllowedLoggedObserver]
2020-06-04 14:14:24 TRACE StrategySelectorImpl:70 - Registering named strategy selector [org.hibernate.boot.model.naming.ImplicitNamingStrategy] : [default] -> [org.hibernate.boot.model.naming.ImplicitNamingStrategyJpaCompliantImpl]
2020-06-04 14:14:24 TRACE StrategySelectorImpl:70 - Registering named strategy selector [org.hibernate.boot.model.naming.ImplicitNamingStrategy] : [jpa] -> [org.hibernate.boot.model.naming.ImplicitNamingStrategyJpaCompliantImpl]
2020-06-04 14:14:24 TRACE StrategySelectorImpl:70 - Registering named strategy selector [org.hibernate.boot.model.naming.ImplicitNamingStrategy] : [legacy-jpa] -> [org.hibernate.boot.model.naming.ImplicitNamingStrategyLegacyJpaImpl]
2020-06-04 14:14:24 TRACE StrategySelectorImpl:70 - Registering named strategy selector [org.hibernate.boot.model.naming.ImplicitNamingStrategy] : [legacy-hbm] -> [org.hibernate.boot.model.naming.ImplicitNamingStrategyLegacyHbmImpl]
2020-06-04 14:14:24 TRACE StrategySelectorImpl:70 - Registering named strategy selector [org.hibernate.boot.model.naming.ImplicitNamingStrategy] : [component-path] -> [org.hibernate.boot.model.naming.ImplicitNamingStrategyComponentPathImpl]
2020-06-04 14:14:24 TRACE StrategySelectorImpl:70 - Registering named strategy selector [org.hibernate.cache.spi.CacheKeysFactory] : [default] -> [org.hibernate.cache.internal.DefaultCacheKeysFactory]
2020-06-04 14:14:24 TRACE StrategySelectorImpl:70 - Registering named strategy selector [org.hibernate.cache.spi.CacheKeysFactory] : [simple] -> [org.hibernate.cache.internal.SimpleCacheKeysFactory]
2020-06-04 14:14:24 INFO  Version:46 - HHH000412: Hibernate Core {5.3.0.Final}
2020-06-04 14:14:24 INFO  Environment:213 - HHH000206: hibernate.properties not found
2020-06-04 14:14:24 DEBUG ServiceBinding:68 - Overriding existing service binding [org.hibernate.secure.spi.JaccService]
2020-06-04 14:14:24 TRACE AbstractServiceRegistryImpl:233 - Initializing service [role=org.hibernate.engine.config.spi.ConfigurationService]
2020-06-04 14:14:24 TRACE AbstractServiceRegistryImpl:233 - Initializing service [role=org.hibernate.cache.spi.RegionFactory]
2020-06-04 14:14:24 DEBUG RegionFactoryInitiator:118 - Cannot default RegionFactory based on registered strategies as `[]` RegionFactory strategies were registered
2020-06-04 14:14:24 DEBUG RegionFactoryInitiator:49 - Cache region factory : org.hibernate.cache.internal.NoCachingRegionFactory
2020-06-04 14:14:24 INFO  Version:49 - HCANN000001: Hibernate Commons Annotations {5.0.3.Final}
2020-06-04 14:14:25 DEBUG BasicTypeRegistry:156 - Adding type registration boolean -> org.hibernate.type.BooleanType@352269a8
2020-06-04 14:14:25 DEBUG BasicTypeRegistry:156 - Adding type registration boolean -> org.hibernate.type.BooleanType@352269a8
2020-06-04 14:14:25 DEBUG BasicTypeRegistry:156 - Adding type registration java.lang.Boolean -> org.hibernate.type.BooleanType@352269a8
2020-06-04 14:14:25 DEBUG BasicTypeRegistry:156 - Adding type registration numeric_boolean -> org.hibernate.type.NumericBooleanType@451c722e
2020-06-04 14:14:25 DEBUG BasicTypeRegistry:156 - Adding type registration true_false -> org.hibernate.type.TrueFalseType@485de0d7
2020-06-04 14:14:25 DEBUG BasicTypeRegistry:156 - Adding type registration yes_no -> org.hibernate.type.YesNoType@159a2c22
2020-06-04 14:14:25 DEBUG BasicTypeRegistry:156 - Adding type registration byte -> org.hibernate.type.ByteType@403af57d
2020-06-04 14:14:25 DEBUG BasicTypeRegistry:156 - Adding type registration byte -> org.hibernate.type.ByteType@403af57d
2020-06-04 14:14:25 DEBUG BasicTypeRegistry:156 - Adding type registration java.lang.Byte -> org.hibernate.type.ByteType@403af57d
2020-06-04 14:14:25 DEBUG BasicTypeRegistry:156 - Adding type registration character -> org.hibernate.type.CharacterType@63457c19
2020-06-04 14:14:25 DEBUG BasicTypeRegistry:156 - Adding type registration char -> org.hibernate.type.CharacterType@63457c19
2020-06-04 14:14:25 DEBUG BasicTypeRegistry:156 - Adding type registration java.lang.Character -> org.hibernate.type.CharacterType@63457c19
2020-06-04 14:14:25 DEBUG BasicTypeRegistry:156 - Adding type registration short -> org.hibernate.type.ShortType@4ae5e3f7
2020-06-04 14:14:25 DEBUG BasicTypeRegistry:156 - Adding type registration short -> org.hibernate.type.ShortType@4ae5e3f7
2020-06-04 14:14:25 DEBUG BasicTypeRegistry:156 - Adding type registration java.lang.Short -> org.hibernate.type.ShortType@4ae5e3f7
2020-06-04 14:14:25 DEBUG BasicTypeRegistry:156 - Adding type registration integer -> org.hibernate.type.IntegerType@4c5ae0d5
2020-06-04 14:14:25 DEBUG BasicTypeRegistry:156 - Adding type registration int -> org.hibernate.type.IntegerType@4c5ae0d5
2020-06-04 14:14:25 DEBUG BasicTypeRegistry:156 - Adding type registration java.lang.Integer -> org.hibernate.type.IntegerType@4c5ae0d5
2020-06-04 14:14:25 DEBUG BasicTypeRegistry:156 - Adding type registration long -> org.hibernate.type.LongType@2f92e1cf
2020-06-04 14:14:25 DEBUG BasicTypeRegistry:156 - Adding type registration long -> org.hibernate.type.LongType@2f92e1cf
2020-06-04 14:14:25 DEBUG BasicTypeRegistry:156 - Adding type registration java.lang.Long -> org.hibernate.type.LongType@2f92e1cf
2020-06-04 14:14:25 DEBUG BasicTypeRegistry:156 - Adding type registration float -> org.hibernate.type.FloatType@142ccee0
2020-06-04 14:14:25 DEBUG BasicTypeRegistry:156 - Adding type registration float -> org.hibernate.type.FloatType@142ccee0
2020-06-04 14:14:25 DEBUG BasicTypeRegistry:156 - Adding type registration java.lang.Float -> org.hibernate.type.FloatType@142ccee0
2020-06-04 14:14:25 DEBUG BasicTypeRegistry:156 - Adding type registration double -> org.hibernate.type.DoubleType@f9f6dba
2020-06-04 14:14:25 DEBUG BasicTypeRegistry:156 - Adding type registration double -> org.hibernate.type.DoubleType@f9f6dba
2020-06-04 14:14:25 DEBUG BasicTypeRegistry:156 - Adding type registration java.lang.Double -> org.hibernate.type.DoubleType@f9f6dba
2020-06-04 14:14:25 DEBUG BasicTypeRegistry:156 - Adding type registration big_decimal -> org.hibernate.type.BigDecimalType@16135cd6
2020-06-04 14:14:25 DEBUG BasicTypeRegistry:156 - Adding type registration java.math.BigDecimal -> org.hibernate.type.BigDecimalType@16135cd6
2020-06-04 14:14:25 DEBUG BasicTypeRegistry:156 - Adding type registration big_integer -> org.hibernate.type.BigIntegerType@4f61b5fb
2020-06-04 14:14:25 DEBUG BasicTypeRegistry:156 - Adding type registration java.math.BigInteger -> org.hibernate.type.BigIntegerType@4f61b5fb
2020-06-04 14:14:25 DEBUG BasicTypeRegistry:156 - Adding type registration string -> org.hibernate.type.StringType@6b056079
2020-06-04 14:14:25 DEBUG BasicTypeRegistry:156 - Adding type registration java.lang.String -> org.hibernate.type.StringType@6b056079
2020-06-04 14:14:25 DEBUG BasicTypeRegistry:156 - Adding type registration nstring -> org.hibernate.type.StringNVarcharType@4f2cb5df
2020-06-04 14:14:25 DEBUG BasicTypeRegistry:156 - Adding type registration ncharacter -> org.hibernate.type.CharacterNCharType@5ddbc175
2020-06-04 14:14:25 DEBUG BasicTypeRegistry:156 - Adding type registration url -> org.hibernate.type.UrlType@ae98056
2020-06-04 14:14:25 DEBUG BasicTypeRegistry:156 - Adding type registration java.net.URL -> org.hibernate.type.UrlType@ae98056
2020-06-04 14:14:25 DEBUG BasicTypeRegistry:156 - Adding type registration Duration -> org.hibernate.type.DurationType@10884f93
2020-06-04 14:14:25 DEBUG BasicTypeRegistry:156 - Adding type registration java.time.Duration -> org.hibernate.type.DurationType@10884f93
2020-06-04 14:14:25 DEBUG BasicTypeRegistry:156 - Adding type registration Instant -> org.hibernate.type.InstantType@77107891
2020-06-04 14:14:25 DEBUG BasicTypeRegistry:156 - Adding type registration java.time.Instant -> org.hibernate.type.InstantType@77107891
2020-06-04 14:14:25 DEBUG BasicTypeRegistry:156 - Adding type registration LocalDateTime -> org.hibernate.type.LocalDateTimeType@3f479c5d
2020-06-04 14:14:25 DEBUG BasicTypeRegistry:156 - Adding type registration java.time.LocalDateTime -> org.hibernate.type.LocalDateTimeType@3f479c5d
2020-06-04 14:14:25 DEBUG BasicTypeRegistry:156 - Adding type registration LocalDate -> org.hibernate.type.LocalDateType@243617f6
2020-06-04 14:14:25 DEBUG BasicTypeRegistry:156 - Adding type registration java.time.LocalDate -> org.hibernate.type.LocalDateType@243617f6
2020-06-04 14:14:25 DEBUG BasicTypeRegistry:156 - Adding type registration LocalTime -> org.hibernate.type.LocalTimeType@2570388c
2020-06-04 14:14:25 DEBUG BasicTypeRegistry:156 - Adding type registration java.time.LocalTime -> org.hibernate.type.LocalTimeType@2570388c
2020-06-04 14:14:25 DEBUG BasicTypeRegistry:156 - Adding type registration OffsetDateTime -> org.hibernate.type.OffsetDateTimeType@51801c6c
2020-06-04 14:14:25 DEBUG BasicTypeRegistry:156 - Adding type registration java.time.OffsetDateTime -> org.hibernate.type.OffsetDateTimeType@51801c6c
2020-06-04 14:14:25 DEBUG BasicTypeRegistry:156 - Adding type registration OffsetTime -> org.hibernate.type.OffsetTimeType@3cffe1e0
2020-06-04 14:14:25 DEBUG BasicTypeRegistry:156 - Adding type registration java.time.OffsetTime -> org.hibernate.type.OffsetTimeType@3cffe1e0
2020-06-04 14:14:25 DEBUG BasicTypeRegistry:156 - Adding type registration ZonedDateTime -> org.hibernate.type.ZonedDateTimeType@2ff756b3
2020-06-04 14:14:25 DEBUG BasicTypeRegistry:156 - Adding type registration java.time.ZonedDateTime -> org.hibernate.type.ZonedDateTimeType@2ff756b3
2020-06-04 14:14:25 DEBUG BasicTypeRegistry:156 - Adding type registration date -> org.hibernate.type.DateType@9a4e08
2020-06-04 14:14:25 DEBUG BasicTypeRegistry:156 - Adding type registration java.sql.Date -> org.hibernate.type.DateType@9a4e08
2020-06-04 14:14:25 DEBUG BasicTypeRegistry:156 - Adding type registration time -> org.hibernate.type.TimeType@1315ec3a
2020-06-04 14:14:25 DEBUG BasicTypeRegistry:156 - Adding type registration java.sql.Time -> org.hibernate.type.TimeType@1315ec3a
2020-06-04 14:14:25 DEBUG BasicTypeRegistry:156 - Adding type registration timestamp -> org.hibernate.type.TimestampType@27848b98
2020-06-04 14:14:25 DEBUG BasicTypeRegistry:156 - Adding type registration java.sql.Timestamp -> org.hibernate.type.TimestampType@27848b98
2020-06-04 14:14:25 DEBUG BasicTypeRegistry:156 - Adding type registration java.util.Date -> org.hibernate.type.TimestampType@27848b98
2020-06-04 14:14:25 DEBUG BasicTypeRegistry:156 - Adding type registration dbtimestamp -> org.hibernate.type.DbTimestampType@72dbb835
2020-06-04 14:14:25 DEBUG BasicTypeRegistry:156 - Adding type registration calendar -> org.hibernate.type.CalendarType@5738bf0
2020-06-04 14:14:25 DEBUG BasicTypeRegistry:156 - Adding type registration java.util.Calendar -> org.hibernate.type.CalendarType@5738bf0
2020-06-04 14:14:25 DEBUG BasicTypeRegistry:156 - Adding type registration java.util.GregorianCalendar -> org.hibernate.type.CalendarType@5738bf0
2020-06-04 14:14:25 DEBUG BasicTypeRegistry:156 - Adding type registration calendar_date -> org.hibernate.type.CalendarDateType@caf9b6f
2020-06-04 14:14:25 DEBUG BasicTypeRegistry:156 - Adding type registration locale -> org.hibernate.type.LocaleType@667156a9
2020-06-04 14:14:25 DEBUG BasicTypeRegistry:156 - Adding type registration java.util.Locale -> org.hibernate.type.LocaleType@667156a9
2020-06-04 14:14:25 DEBUG BasicTypeRegistry:156 - Adding type registration currency -> org.hibernate.type.CurrencyType@54db4e44
2020-06-04 14:14:25 DEBUG BasicTypeRegistry:156 - Adding type registration java.util.Currency -> org.hibernate.type.CurrencyType@54db4e44
2020-06-04 14:14:25 DEBUG BasicTypeRegistry:156 - Adding type registration timezone -> org.hibernate.type.TimeZoneType@7e73fdd6
2020-06-04 14:14:25 DEBUG BasicTypeRegistry:156 - Adding type registration java.util.TimeZone -> org.hibernate.type.TimeZoneType@7e73fdd6
2020-06-04 14:14:25 DEBUG BasicTypeRegistry:156 - Adding type registration class -> org.hibernate.type.ClassType@31d5c2f0
2020-06-04 14:14:25 DEBUG BasicTypeRegistry:156 - Adding type registration java.lang.Class -> org.hibernate.type.ClassType@31d5c2f0
2020-06-04 14:14:25 DEBUG BasicTypeRegistry:156 - Adding type registration uuid-binary -> org.hibernate.type.UUIDBinaryType@1583ca2
2020-06-04 14:14:25 DEBUG BasicTypeRegistry:156 - Adding type registration java.util.UUID -> org.hibernate.type.UUIDBinaryType@1583ca2
2020-06-04 14:14:25 DEBUG BasicTypeRegistry:156 - Adding type registration uuid-char -> org.hibernate.type.UUIDCharType@40aa71a2
2020-06-04 14:14:25 DEBUG BasicTypeRegistry:156 - Adding type registration binary -> org.hibernate.type.BinaryType@2f3dea06
2020-06-04 14:14:25 DEBUG BasicTypeRegistry:156 - Adding type registration byte[] -> org.hibernate.type.BinaryType@2f3dea06
2020-06-04 14:14:25 DEBUG BasicTypeRegistry:156 - Adding type registration [B -> org.hibernate.type.BinaryType@2f3dea06
2020-06-04 14:14:25 DEBUG BasicTypeRegistry:156 - Adding type registration wrapper-binary -> org.hibernate.type.WrapperBinaryType@20eea55a
2020-06-04 14:14:25 DEBUG BasicTypeRegistry:156 - Adding type registration Byte[] -> org.hibernate.type.WrapperBinaryType@20eea55a
2020-06-04 14:14:25 DEBUG BasicTypeRegistry:156 - Adding type registration [Ljava.lang.Byte; -> org.hibernate.type.WrapperBinaryType@20eea55a
2020-06-04 14:14:25 DEBUG BasicTypeRegistry:156 - Adding type registration row_version -> org.hibernate.type.RowVersionType@30daeb88
2020-06-04 14:14:25 DEBUG BasicTypeRegistry:156 - Adding type registration image -> org.hibernate.type.ImageType@32d0e521
2020-06-04 14:14:25 DEBUG BasicTypeRegistry:156 - Adding type registration characters -> org.hibernate.type.CharArrayType@7a378d65
2020-06-04 14:14:25 DEBUG BasicTypeRegistry:156 - Adding type registration char[] -> org.hibernate.type.CharArrayType@7a378d65
2020-06-04 14:14:25 DEBUG BasicTypeRegistry:156 - Adding type registration [C -> org.hibernate.type.CharArrayType@7a378d65
2020-06-04 14:14:25 DEBUG BasicTypeRegistry:156 - Adding type registration wrapper-characters -> org.hibernate.type.CharacterArrayType@68bc3e54
2020-06-04 14:14:25 DEBUG BasicTypeRegistry:156 - Adding type registration [Ljava.lang.Character; -> org.hibernate.type.CharacterArrayType@68bc3e54
2020-06-04 14:14:25 DEBUG BasicTypeRegistry:156 - Adding type registration Character[] -> org.hibernate.type.CharacterArrayType@68bc3e54
2020-06-04 14:14:25 DEBUG BasicTypeRegistry:156 - Adding type registration text -> org.hibernate.type.TextType@339aee4a
2020-06-04 14:14:25 DEBUG BasicTypeRegistry:156 - Adding type registration ntext -> org.hibernate.type.NTextType@70ec0ca8
2020-06-04 14:14:25 DEBUG BasicTypeRegistry:156 - Adding type registration blob -> org.hibernate.type.BlobType@a89b7b5
2020-06-04 14:14:25 DEBUG BasicTypeRegistry:156 - Adding type registration java.sql.Blob -> org.hibernate.type.BlobType@a89b7b5
2020-06-04 14:14:25 DEBUG BasicTypeRegistry:156 - Adding type registration materialized_blob -> org.hibernate.type.MaterializedBlobType@79f914df
2020-06-04 14:14:25 DEBUG BasicTypeRegistry:156 - Adding type registration clob -> org.hibernate.type.ClobType@762423ee
2020-06-04 14:14:25 DEBUG BasicTypeRegistry:156 - Adding type registration java.sql.Clob -> org.hibernate.type.ClobType@762423ee
2020-06-04 14:14:25 DEBUG BasicTypeRegistry:156 - Adding type registration nclob -> org.hibernate.type.NClobType@773f4551
2020-06-04 14:14:25 DEBUG BasicTypeRegistry:156 - Adding type registration java.sql.NClob -> org.hibernate.type.NClobType@773f4551
2020-06-04 14:14:25 DEBUG BasicTypeRegistry:156 - Adding type registration materialized_clob -> org.hibernate.type.MaterializedClobType@38442b2
2020-06-04 14:14:25 DEBUG BasicTypeRegistry:156 - Adding type registration materialized_nclob -> org.hibernate.type.MaterializedNClobType@687853cd
2020-06-04 14:14:25 DEBUG BasicTypeRegistry:156 - Adding type registration serializable -> org.hibernate.type.SerializableType@401bfda3
2020-06-04 14:14:25 DEBUG BasicTypeRegistry:156 - Adding type registration object -> org.hibernate.type.ObjectType@3b633098
2020-06-04 14:14:25 DEBUG BasicTypeRegistry:156 - Adding type registration java.lang.Object -> org.hibernate.type.ObjectType@3b633098
2020-06-04 14:14:25 DEBUG BasicTypeRegistry:156 - Adding type registration imm_date -> org.hibernate.type.AdaptedImmutableType@600a8de3
2020-06-04 14:14:25 DEBUG BasicTypeRegistry:156 - Adding type registration imm_time -> org.hibernate.type.AdaptedImmutableType@424f868a
2020-06-04 14:14:25 DEBUG BasicTypeRegistry:156 - Adding type registration imm_timestamp -> org.hibernate.type.AdaptedImmutableType@1fc67e0d
2020-06-04 14:14:25 DEBUG BasicTypeRegistry:156 - Adding type registration imm_dbtimestamp -> org.hibernate.type.AdaptedImmutableType@42b22115
2020-06-04 14:14:25 DEBUG BasicTypeRegistry:156 - Adding type registration imm_calendar -> org.hibernate.type.AdaptedImmutableType@7663c935
2020-06-04 14:14:25 DEBUG BasicTypeRegistry:156 - Adding type registration imm_calendar_date -> org.hibernate.type.AdaptedImmutableType@48266aa5
2020-06-04 14:14:25 DEBUG BasicTypeRegistry:156 - Adding type registration imm_binary -> org.hibernate.type.AdaptedImmutableType@64bc43ba
2020-06-04 14:14:25 DEBUG BasicTypeRegistry:156 - Adding type registration imm_serializable -> org.hibernate.type.AdaptedImmutableType@37556cb1
2020-06-04 14:14:25 TRACE AbstractServiceRegistryImpl:233 - Initializing service [role=org.hibernate.boot.cfgxml.spi.CfgXmlAccessService]
2020-06-04 14:14:25 DEBUG BootstrapContextImpl:262 - Injecting JPA temp ClassLoader [org.springframework.instrument.classloading.SimpleThrowawayClassLoader@345da854] into BootstrapContext; was [null]
2020-06-04 14:14:25 DEBUG ClassLoaderAccessImpl:45 - ClassLoaderAccessImpl#injectTempClassLoader(org.springframework.instrument.classloading.SimpleThrowawayClassLoader@345da854) [was null]
2020-06-04 14:14:25 DEBUG BootstrapContextImpl:272 - Injecting ScanEnvironment [org.hibernate.jpa.boot.internal.StandardJpaScanEnvironmentImpl@7544919c] into BootstrapContext; was [null]
2020-06-04 14:14:25 DEBUG BootstrapContextImpl:267 - Injecting ScanOptions [org.hibernate.boot.archive.scan.internal.StandardScanOptions@2c829868] into BootstrapContext; was [org.hibernate.boot.archive.scan.internal.StandardScanOptions@66643aa2]
2020-06-04 14:14:25 DEBUG BootstrapContextImpl:262 - Injecting JPA temp ClassLoader [null] into BootstrapContext; was [org.springframework.instrument.classloading.SimpleThrowawayClassLoader@345da854]
2020-06-04 14:14:25 DEBUG ClassLoaderAccessImpl:45 - ClassLoaderAccessImpl#injectTempClassLoader(null) [was org.springframework.instrument.classloading.SimpleThrowawayClassLoader@345da854]
2020-06-04 14:14:25 TRACE AbstractServiceRegistryImpl:233 - Initializing service [role=org.hibernate.id.factory.spi.MutableIdentifierGeneratorFactory]
2020-06-04 14:14:25 DEBUG DefaultIdentifierGeneratorFactory:81 - Registering IdentifierGenerator strategy [uuid2] -> [org.hibernate.id.UUIDGenerator]
2020-06-04 14:14:25 DEBUG DefaultIdentifierGeneratorFactory:81 - Registering IdentifierGenerator strategy [guid] -> [org.hibernate.id.GUIDGenerator]
2020-06-04 14:14:25 DEBUG DefaultIdentifierGeneratorFactory:81 - Registering IdentifierGenerator strategy [uuid] -> [org.hibernate.id.UUIDHexGenerator]
2020-06-04 14:14:25 DEBUG DefaultIdentifierGeneratorFactory:81 - Registering IdentifierGenerator strategy [uuid.hex] -> [org.hibernate.id.UUIDHexGenerator]
2020-06-04 14:14:25 DEBUG DefaultIdentifierGeneratorFactory:81 - Registering IdentifierGenerator strategy [assigned] -> [org.hibernate.id.Assigned]
2020-06-04 14:14:25 DEBUG DefaultIdentifierGeneratorFactory:81 - Registering IdentifierGenerator strategy [identity] -> [org.hibernate.id.IdentityGenerator]
2020-06-04 14:14:25 DEBUG DefaultIdentifierGeneratorFactory:81 - Registering IdentifierGenerator strategy [select] -> [org.hibernate.id.SelectGenerator]
2020-06-04 14:14:25 DEBUG DefaultIdentifierGeneratorFactory:81 - Registering IdentifierGenerator strategy [sequence] -> [org.hibernate.id.enhanced.SequenceStyleGenerator]
2020-06-04 14:14:25 DEBUG DefaultIdentifierGeneratorFactory:81 - Registering IdentifierGenerator strategy [seqhilo] -> [org.hibernate.id.SequenceHiLoGenerator]
2020-06-04 14:14:25 DEBUG DefaultIdentifierGeneratorFactory:81 - Registering IdentifierGenerator strategy [increment] -> [org.hibernate.id.IncrementGenerator]
2020-06-04 14:14:25 DEBUG DefaultIdentifierGeneratorFactory:81 - Registering IdentifierGenerator strategy [foreign] -> [org.hibernate.id.ForeignGenerator]
2020-06-04 14:14:25 DEBUG DefaultIdentifierGeneratorFactory:81 - Registering IdentifierGenerator strategy [sequence-identity] -> [org.hibernate.id.SequenceIdentityGenerator]
2020-06-04 14:14:25 DEBUG DefaultIdentifierGeneratorFactory:81 - Registering IdentifierGenerator strategy [enhanced-sequence] -> [org.hibernate.id.enhanced.SequenceStyleGenerator]
2020-06-04 14:14:25 DEBUG DefaultIdentifierGeneratorFactory:81 - Registering IdentifierGenerator strategy [enhanced-table] -> [org.hibernate.id.enhanced.TableGenerator]
2020-06-04 14:14:25 TRACE AbstractServiceRegistryImpl:233 - Initializing service [role=org.hibernate.engine.jdbc.env.spi.JdbcEnvironment]
2020-06-04 14:14:25 TRACE AbstractServiceRegistryImpl:233 - Initializing service [role=org.hibernate.engine.jdbc.dialect.spi.DialectFactory]
2020-06-04 14:14:25 TRACE AbstractServiceRegistryImpl:233 - Initializing service [role=org.hibernate.engine.jdbc.dialect.spi.DialectResolver]
2020-06-04 14:14:25 TRACE AbstractServiceRegistryImpl:233 - Initializing service [role=org.hibernate.engine.jdbc.connections.spi.ConnectionProvider]
2020-06-04 14:14:25 TRACE AbstractServiceRegistryImpl:233 - Initializing service [role=org.hibernate.engine.jndi.spi.JndiService]
2020-06-04 14:14:26 DEBUG JdbcEnvironmentInitiator:72 - Database ->
       name : MySQL
    version : 8.0.20
      major : 8
      minor : 0
2020-06-04 14:14:26 DEBUG JdbcEnvironmentInitiator:83 - Driver ->
       name : MySQL Connector/J
    version : mysql-connector-java-8.0.11 (Revision: 6d4eaa273bc181b4cf1c8ad0821a2227f116fedf)
      major : 8
      minor : 0
2020-06-04 14:14:26 DEBUG JdbcEnvironmentInitiator:389 - JDBC version : 4.2
2020-06-04 14:14:26 INFO  Dialect:157 - HHH000400: Using dialect: org.hibernate.dialect.MySQL5Dialect
2020-06-04 14:14:26 DEBUG IdentifierHelperBuilder:117 - JDBC driver metadata reported database stores quoted identifiers in more than one case
2020-06-04 14:14:26 DEBUG IdentifierHelperBuilder:191 - IdentifierCaseStrategy for both quoted and unquoted identifiers was set to the same strategy [LOWER]; that will likely lead to problems in schema update and validation if using quoted identifiers
2020-06-04 14:14:26 TRACE NormalizingIdentifierHelperImpl:61 - Normalizing identifier quoting [management]
2020-06-04 14:14:26 TRACE NormalizingIdentifierHelperImpl:61 - Normalizing identifier quoting [null]
2020-06-04 14:14:26 TRACE AbstractServiceRegistryImpl:233 - Initializing service [role=org.hibernate.engine.jdbc.spi.JdbcServices]
2020-06-04 14:14:26 DEBUG Namespace:47 - Created database namespace [logicalName=Name{catalog=null, schema=null}, physicalName=Name{catalog=null, schema=null}]
2020-06-04 14:14:26 DEBUG TypeConfiguration$Scope:141 - Scoping TypeConfiguration [org.hibernate.type.spi.TypeConfiguration@5401a2f9] to MetadataBuildingContext [org.hibernate.boot.internal.MetadataBuildingContextRootImpl@ef5a6ba]
2020-06-04 14:14:27 DEBUG AnnotationBinder:549 - Binding entity from annotated class: customer.model.Customer
2020-06-04 14:14:27 TRACE NormalizingIdentifierHelperImpl:61 - Normalizing identifier quoting [DTYPE]
2020-06-04 14:14:27 DEBUG Ejb3Column:213 - Binding column: Ejb3DiscriminatorColumn{logicalColumnName'DTYPE', discriminatorTypeName='string'}
2020-06-04 14:14:27 DEBUG EntityBinder:430 - Import with entity name Customer
2020-06-04 14:14:27 TRACE InFlightMetadataCollectorImpl:728 - Import: Customer -> customer.model.Customer
2020-06-04 14:14:27 TRACE InFlightMetadataCollectorImpl:728 - Import: customer.model.Customer -> customer.model.Customer
2020-06-04 14:14:27 TRACE NormalizingIdentifierHelperImpl:61 - Normalizing identifier quoting [Customer]
2020-06-04 14:14:27 TRACE NormalizingIdentifierHelperImpl:61 - Normalizing identifier quoting [Customer]
2020-06-04 14:14:27 DEBUG EntityBinder:869 - Bind entity customer.model.Customer on table Customer
2020-06-04 14:14:27 TRACE AnnotationBinder:1618 - Processing annotations of customer.model.Customer.id
2020-06-04 14:14:27 TRACE NormalizingIdentifierHelperImpl:61 - Normalizing identifier quoting [id]
2020-06-04 14:14:27 TRACE NormalizingIdentifierHelperImpl:61 - Normalizing identifier quoting [id]
2020-06-04 14:14:27 DEBUG Ejb3Column:213 - Binding column: Ejb3Column{table=org.hibernate.mapping.Table(Customer), mappingColumn=id, insertable=true, updatable=true, unique=false}
2020-06-04 14:14:27 DEBUG PropertyBinder:175 - MetadataSourceProcessor property id with lazy=false
2020-06-04 14:14:27 DEBUG AbstractPropertyHolder:94 - Attempting to locate auto-apply AttributeConverter for property [customer.model.Customer:id]
2020-06-04 14:14:27 DEBUG SimpleValueBinder:411 - building SimpleValue for id
2020-06-04 14:14:27 TRACE NormalizingIdentifierHelperImpl:61 - Normalizing identifier quoting [id]
2020-06-04 14:14:27 TRACE NormalizingIdentifierHelperImpl:61 - Normalizing identifier quoting [id]
2020-06-04 14:14:27 TRACE NormalizingIdentifierHelperImpl:61 - Normalizing identifier quoting [id]
2020-06-04 14:14:27 DEBUG PropertyBinder:266 - Building property id
2020-06-04 14:14:27 TRACE PropertyBinder:329 - Cascading id with null
2020-06-04 14:14:27 DEBUG BinderHelper:644 - #makeIdGenerator(org.hibernate.mapping.SimpleValue([org.hibernate.mapping.Column(id)]), id, org.hibernate.id.enhanced.SequenceStyleGenerator, , ...)
2020-06-04 14:14:27 TRACE AnnotationBinder:2411 - Bind @Id on id
2020-06-04 14:14:27 TRACE AnnotationBinder:1618 - Processing annotations of customer.model.Customer.firstName
2020-06-04 14:14:27 TRACE NormalizingIdentifierHelperImpl:61 - Normalizing identifier quoting [firstName]
2020-06-04 14:14:27 TRACE NormalizingIdentifierHelperImpl:61 - Normalizing identifier quoting [firstName]
2020-06-04 14:14:27 DEBUG Ejb3Column:213 - Binding column: Ejb3Column{table=org.hibernate.mapping.Table(Customer), mappingColumn=firstName, insertable=true, updatable=true, unique=false}
2020-06-04 14:14:27 DEBUG PropertyBinder:175 - MetadataSourceProcessor property firstName with lazy=false
2020-06-04 14:14:27 DEBUG AbstractPropertyHolder:94 - Attempting to locate auto-apply AttributeConverter for property [customer.model.Customer:firstName]
2020-06-04 14:14:27 DEBUG SimpleValueBinder:411 - building SimpleValue for firstName
2020-06-04 14:14:27 TRACE NormalizingIdentifierHelperImpl:61 - Normalizing identifier quoting [firstName]
2020-06-04 14:14:27 TRACE NormalizingIdentifierHelperImpl:61 - Normalizing identifier quoting [firstName]
2020-06-04 14:14:27 TRACE NormalizingIdentifierHelperImpl:61 - Normalizing identifier quoting [firstName]
2020-06-04 14:14:27 DEBUG PropertyBinder:266 - Building property firstName
2020-06-04 14:14:27 TRACE PropertyBinder:329 - Cascading firstName with null
2020-06-04 14:14:27 TRACE AnnotationBinder:1618 - Processing annotations of customer.model.Customer.lastName
2020-06-04 14:14:27 TRACE NormalizingIdentifierHelperImpl:61 - Normalizing identifier quoting [lastName]
2020-06-04 14:14:27 TRACE NormalizingIdentifierHelperImpl:61 - Normalizing identifier quoting [lastName]
2020-06-04 14:14:27 DEBUG Ejb3Column:213 - Binding column: Ejb3Column{table=org.hibernate.mapping.Table(Customer), mappingColumn=lastName, insertable=true, updatable=true, unique=false}
2020-06-04 14:14:27 DEBUG PropertyBinder:175 - MetadataSourceProcessor property lastName with lazy=false
2020-06-04 14:14:27 DEBUG AbstractPropertyHolder:94 - Attempting to locate auto-apply AttributeConverter for property [customer.model.Customer:lastName]
2020-06-04 14:14:27 DEBUG SimpleValueBinder:411 - building SimpleValue for lastName
2020-06-04 14:14:27 TRACE NormalizingIdentifierHelperImpl:61 - Normalizing identifier quoting [lastName]
2020-06-04 14:14:27 TRACE NormalizingIdentifierHelperImpl:61 - Normalizing identifier quoting [lastName]
2020-06-04 14:14:27 TRACE NormalizingIdentifierHelperImpl:61 - Normalizing identifier quoting [lastName]
2020-06-04 14:14:27 DEBUG PropertyBinder:266 - Building property lastName
2020-06-04 14:14:27 TRACE PropertyBinder:329 - Cascading lastName with null
2020-06-04 14:14:27 DEBUG SimpleValueBinder:456 - Starting fillSimpleValue for id
2020-06-04 14:14:27 DEBUG SimpleValueBinder:456 - Starting fillSimpleValue for firstName
2020-06-04 14:14:27 DEBUG SimpleValueBinder:456 - Starting fillSimpleValue for lastName
2020-06-04 14:14:27 DEBUG PrimaryKey:35 - Forcing column [id] to be non-null as it is part of the primary key for table [customer]
2020-06-04 14:14:27 TRACE NormalizingIdentifierHelperImpl:61 - Normalizing identifier quoting [null]
2020-06-04 14:14:27 TRACE NormalizingIdentifierHelperImpl:61 - Normalizing identifier quoting [null]
2020-06-04 14:14:27 TRACE NormalizingIdentifierHelperImpl:61 - Normalizing identifier quoting [hibernate_sequence]
2020-06-04 14:14:27 TRACE NormalizingIdentifierHelperImpl:61 - Normalizing identifier quoting [next_val]
2020-06-04 14:14:27 TRACE BatchFetchStyle:51 - Interpreting BatchFetchStyle from setting : null
2020-06-04 14:14:27 DEBUG SessionFactoryImpl:197 - Building session factory
2020-06-04 14:14:27 DEBUG Settings:70 - SessionFactory name : null
2020-06-04 14:14:27 DEBUG Settings:71 - Automatic flush during beforeCompletion(): enabled
2020-06-04 14:14:27 DEBUG Settings:72 - Automatic session close at end of transaction: disabled
2020-06-04 14:14:27 DEBUG Settings:74 - Statistics: disabled
2020-06-04 14:14:27 DEBUG Settings:76 - Deleted entity synthetic identifier rollback: disabled
2020-06-04 14:14:27 DEBUG Settings:77 - Default entity-mode: pojo
2020-06-04 14:14:27 DEBUG Settings:78 - Check Nullability in Core (should be disabled when Bean Validation is on): enabled
2020-06-04 14:14:27 DEBUG Settings:79 - Allow initialization of lazy state outside session : disabled
2020-06-04 14:14:27 DEBUG Settings:81 - Using BatchFetchStyle : LEGACY
2020-06-04 14:14:27 DEBUG Settings:82 - Default batch fetch size: -1
2020-06-04 14:14:27 DEBUG Settings:83 - Maximum outer join fetch depth: 2
2020-06-04 14:14:27 DEBUG Settings:84 - Default null ordering: NONE
2020-06-04 14:14:27 DEBUG Settings:85 - Order SQL updates by primary key: disabled
2020-06-04 14:14:27 DEBUG Settings:86 - Order SQL inserts for batching: disabled
2020-06-04 14:14:27 DEBUG Settings:88 - multi-tenancy strategy : NONE
2020-06-04 14:14:27 DEBUG Settings:90 - JTA Track by Thread: enabled
2020-06-04 14:14:27 DEBUG Settings:92 - Query language substitutions: {}
2020-06-04 14:14:27 DEBUG Settings:93 - Named query checking : enabled
2020-06-04 14:14:27 DEBUG Settings:95 - Second-level cache: disabled
2020-06-04 14:14:27 DEBUG Settings:96 - Second-level query cache: disabled
2020-06-04 14:14:27 DEBUG Settings:97 - Second-level query cache factory: null
2020-06-04 14:14:27 DEBUG Settings:98 - Second-level cache region prefix: null
2020-06-04 14:14:27 DEBUG Settings:99 - Optimize second-level cache for minimal puts: disabled
2020-06-04 14:14:27 DEBUG Settings:100 - Structured second-level cache entries: disabled
2020-06-04 14:14:27 DEBUG Settings:101 - Second-level cache direct-reference entries: disabled
2020-06-04 14:14:27 DEBUG Settings:102 - Automatic eviction of collection cache: disabled
2020-06-04 14:14:27 DEBUG Settings:104 - JDBC batch size: 15
2020-06-04 14:14:27 DEBUG Settings:105 - JDBC batch updates for versioned data: enabled
2020-06-04 14:14:27 DEBUG Settings:106 - Scrollable result sets: enabled
2020-06-04 14:14:27 DEBUG Settings:107 - Wrap result sets: disabled
2020-06-04 14:14:27 DEBUG Settings:108 - JDBC3 getGeneratedKeys(): enabled
2020-06-04 14:14:27 DEBUG Settings:109 - JDBC result set fetch size: null
2020-06-04 14:14:27 DEBUG Settings:110 - Connection release mode: ON_CLOSE
2020-06-04 14:14:27 DEBUG Settings:111 - Generate SQL with comments: disabled
2020-06-04 14:14:27 DEBUG Settings:113 - JPA compliance - query : 
2020-06-04 14:14:27 DEBUG Settings:114 - JPA compliance - closed-handling : 
2020-06-04 14:14:27 DEBUG Settings:115 - JPA compliance - lists : 
2020-06-04 14:14:27 DEBUG Settings:116 - JPA compliance - transactions : 
2020-06-04 14:14:27 TRACE AbstractServiceRegistryImpl:233 - Initializing service [role=org.hibernate.service.spi.SessionFactoryServiceRegistryFactory]
2020-06-04 14:14:27 TRACE AbstractServiceRegistryImpl:233 - Initializing service [role=org.hibernate.event.service.spi.EventListenerRegistry]
2020-06-04 14:14:27 TRACE AbstractServiceRegistryImpl:233 - Initializing service [role=org.hibernate.resource.beans.spi.ManagedBeanRegistry]
2020-06-04 14:14:27 TRACE AbstractServiceRegistryImpl:233 - Initializing service [role=org.hibernate.cache.spi.CacheImplementor]
2020-06-04 14:14:27 DEBUG SessionFactoryImpl:252 - Session factory constructed with filter configurations : {}
2020-06-04 14:14:27 DEBUG SessionFactoryImpl:253 - Instantiating session factory with properties: {sun.desktop=windows, awt.toolkit=sun.awt.windows.WToolkit, file.encoding.pkg=sun.io, java.specification.version=1.8, sun.cpu.isalist=amd64, hibernate.connection.handling_mode=DELAYED_ACQUISITION_AND_HOLD, sun.jnu.encoding=Cp1252, hibernate.dialect=org.hibernate.dialect.MySQL5Dialect, java.class.path=C:\Program Files\Apache Software Foundation\Tomcat 9.0\bin\bootstrap.jar;C:\Program Files\Apache Software Foundation\Tomcat 9.0\bin\tomcat-juli.jar, java.vm.vendor=Oracle Corporation, sun.arch.data.model=64, user.variant=, catalina.useNaming=true, java.vendor.url=http://java.oracle.com/, user.timezone=Asia/Bangkok, os.name=Windows 7, java.vm.specification.version=1.8, javax.persistence.validation.mode=AUTO, sun.java.launcher=SUN_STANDARD, user.country=GB, sun.boot.library.path=C:\Program Files\Java\jdk1.8.0_221\jre\bin, com.sun.management.jmxremote.ssl=false, sun.java.command=org.apache.catalina.startup.Bootstrap start, com.sun.management.jmxremote=, javax.persistence.sharedCache.mode=UNSPECIFIED, sun.cpu.endian=little, user.home=C:\Users\Admin, user.language=en, java.specification.vendor=Oracle Corporation, java.naming.factory.url.pkgs=org.apache.naming, java.home=C:\Program Files\Java\jdk1.8.0_221\jre, ignore.endorsed.dirs=, file.separator=\, line.separator=
, java.vm.specification.vendor=Oracle Corporation, java.specification.name=Java Platform API Specification, hibernate.transaction.coordinator_class=class org.hibernate.resource.transaction.backend.jdbc.internal.JdbcResourceLocalTransactionCoordinatorBuilderImpl, java.awt.graphicsenv=sun.awt.Win32GraphicsEnvironment, com.sun.management.jmxremote.password.file=C:\Users\Admin\.IntelliJIdea2019.3\system\tomcat\Unnamed_thQuanLyKhacHangJPA\jmxremote.password, package.access=sun.,org.apache.catalina.,org.apache.coyote.,org.apache.jasper.,org.apache.tomcat., package.definition=sun.,java.,org.apache.catalina.,org.apache.coyote.,org.apache.jasper.,org.apache.naming.,org.apache.tomcat., sun.boot.class.path=C:\Program Files\Java\jdk1.8.0_221\jre\lib\resources.jar;C:\Program Files\Java\jdk1.8.0_221\jre\lib\rt.jar;C:\Program Files\Java\jdk1.8.0_221\jre\lib\sunrsasign.jar;C:\Program Files\Java\jdk1.8.0_221\jre\lib\jsse.jar;C:\Program Files\Java\jdk1.8.0_221\jre\lib\jce.jar;C:\Program Files\Java\jdk1.8.0_221\jre\lib\charsets.jar;C:\Program Files\Java\jdk1.8.0_221\jre\lib\jfr.jar;C:\Program Files\Java\jdk1.8.0_221\jre\classes, jdk.tls.ephemeralDHKeySize=2048, hibernate.hbm2ddl.auto=update, user.script=, server.loader=, java.util.logging.config.file=C:\Users\Admin\.IntelliJIdea2019.3\system\tomcat\Unnamed_thQuanLyKhacHangJPA\conf\logging.properties, java.protocol.handler.pkgs=org.apache.catalina.webresources, com.sun.management.jmxremote.access.file=C:\Users\Admin\.IntelliJIdea2019.3\system\tomcat\Unnamed_thQuanLyKhacHangJPA\jmxremote.access, sun.management.compiler=HotSpot 64-Bit Tiered Compilers, java.runtime.version=1.8.0_221-b11, java.naming.factory.initial=org.apache.naming.java.javaURLContextFactory, user.name=Admin, path.separator=;, common.loader="C:/Program Files/Apache Software Foundation/Tomcat 9.0/lib","C:/Program Files/Apache Software Foundation/Tomcat 9.0/lib/*.jar","C:\Program Files\Apache Software Foundation\Tomcat 9.0/lib","C:\Program Files\Apache Software Foundation\Tomcat 9.0/lib/*.jar", os.version=6.1, java.endorsed.dirs=C:\Program Files\Java\jdk1.8.0_221\jre\lib\endorsed, java.runtime.name=Java(TM) SE Runtime Environment, hibernate.ejb.persistenceUnitName=default, file.encoding=Cp1252, java.vm.name=Java HotSpot(TM) 64-Bit Server VM, java.vendor.url.bug=http://bugreport.sun.com/bugreport/, java.io.tmpdir=C:\Program Files\Apache Software Foundation\Tomcat 9.0\temp, tomcat.util.scan.StandardJarScanFilter.jarsToScan=log4j-taglib*.jar,log4j-web*.jar,log4javascript*.jar,slf4j-taglib*.jar, catalina.home=C:\Program Files\Apache Software Foundation\Tomcat 9.0, com.sun.management.jmxremote.port=1099, java.version=1.8.0_221, java.util.concurrent.ForkJoinPool.common.threadFactory=org.apache.catalina.startup.SafeForkJoinWorkerThreadFactory, tomcat.util.scan.StandardJarScanFilter.jarsToSkip=annotations-api.jar,ant-junit*.jar,ant-launcher.jar,ant.jar,asm-*.jar,aspectj*.jar,bootstrap.jar,catalina-ant.jar,catalina-ha.jar,catalina-ssi.jar,catalina-storeconfig.jar,catalina-tribes.jar,catalina.jar,cglib-*.jar,cobertura-*.jar,commons-beanutils*.jar,commons-codec*.jar,commons-collections*.jar,commons-daemon.jar,commons-dbcp*.jar,commons-digester*.jar,commons-fileupload*.jar,commons-httpclient*.jar,commons-io*.jar,commons-lang*.jar,commons-logging*.jar,commons-math*.jar,commons-pool*.jar,dom4j-*.jar,easymock-*.jar,ecj-*.jar,el-api.jar,geronimo-spec-jaxrpc*.jar,h2*.jar,hamcrest-*.jar,hibernate*.jar,httpclient*.jar,icu4j-*.jar,jasper-el.jar,jasper.jar,jaspic-api.jar,jaxb-*.jar,jaxen-*.jar,jdom-*.jar,jetty-*.jar,jmx-tools.jar,jmx.jar,jsp-api.jar,jstl.jar,jta*.jar,junit-*.jar,junit.jar,log4j*.jar,mail*.jar,objenesis-*.jar,oraclepki.jar,oro-*.jar,servlet-api-*.jar,servlet-api.jar,slf4j*.jar,taglibs-standard-spec-*.jar,tagsoup-*.jar,tomcat-api.jar,tomcat-coyote.jar,tomcat-dbcp.jar,tomcat-i18n-*.jar,tomcat-jdbc.jar,tomcat-jni.jar,tomcat-juli-adapters.jar,tomcat-juli.jar,tomcat-util-scan.jar,tomcat-util.jar,tomcat-websocket.jar,tools.jar,websocket-api.jar,wsdl4j*.jar,xercesImpl.jar,xml-apis.jar,xmlParserAPIs-*.jar,xmlParserAPIs.jar,xom-*.jar, user.dir=C:\Program Files\Apache Software Foundation\Tomcat 9.0\bin, os.arch=amd64, java.vm.specification.name=Java Virtual Machine Specification, java.awt.printerjob=sun.awt.windows.WPrinterJob, sun.os.patch.level=Service Pack 1, catalina.base=C:\Users\Admin\.IntelliJIdea2019.3\system\tomcat\Unnamed_thQuanLyKhacHangJPA, shared.loader=, hibernate.boot.CfgXmlAccessService.key=org.hibernate.boot.cfgxml.spi.LoadedConfig@48646142, java.util.logging.manager=org.apache.juli.ClassLoaderLogManager, java.library.path=C:\Program Files\Java\jdk1.8.0_221\bin;C:\Windows\Sun\Java\bin;C:\Windows\system32;C:\Windows;C:\Program Files (x86)\Common Files\Oracle\Java\javapath;C:\Program Files (x86)\NVIDIA Corporation\PhysX\Common;C:\Windows\system32;C:\Windows;C:\Windows\System32\Wbem;C:\Windows\System32\WindowsPowerShell\v1.0\;C:\Program Files\Intel\WiFi\bin\;C:\Program Files\Common Files\Intel\WirelessCommon\;C:\Program Files (x86)\Intel\OpenCL SDK\2.0\bin\x86;C:\Program Files (x86)\Intel\OpenCL SDK\2.0\bin\x64;F:\MinGW\bin;F:\Git\cmd;C:\Program Files\Java\jdk1.8.0_221\bin;C:\Program Files\MySQL\MySQL Shell 8.0\bin\;C:\Program Files\Intel\WiFi\bin\;C:\Program Files\Common Files\Intel\WirelessCommon\;C:\Users\Admin\AppData\Local\GitHubDesktop\bin;., java.vendor=Oracle Corporation, java.vm.info=mixed mode, java.vm.version=25.221-b11, hibernate.bytecode.use_reflection_optimizer=false, java.rmi.server.randomIDs=true, java.rmi.server.hostname=127.0.0.1, hibernate.connection.datasource=org.springframework.jdbc.datasource.DriverManagerDataSource@4967df30, sun.io.unicode.encoding=UnicodeLittle, java.ext.dirs=C:\Program Files\Java\jdk1.8.0_221\jre\lib\ext;C:\Windows\Sun\Java\lib\ext, tomcat.util.buf.StringCache.byte.enabled=true, java.class.version=52.0}
2020-06-04 14:14:27 TRACE AbstractServiceRegistryImpl:233 - Initializing service [role=org.hibernate.engine.query.spi.NativeQueryInterpreter]
2020-06-04 14:14:27 DEBUG JaccIntegrator:80 - Skipping JACC integration as it was not enabled
2020-06-04 14:14:27 DEBUG SessionFactoryImpl:292 - Instantiated session factory
2020-06-04 14:14:27 DEBUG TypeConfiguration$Scope:146 - Scoping TypeConfiguration [org.hibernate.type.spi.TypeConfiguration@5401a2f9] to SessionFactoryImpl [org.hibernate.internal.SessionFactoryImpl@68be990c]
2020-06-04 14:14:27 DEBUG TypeConfiguration$Scope:148 - Scoping TypeConfiguration [org.hibernate.type.spi.TypeConfiguration@5401a2f9] to SessionFactory [org.hibernate.internal.SessionFactoryImpl@68be990c]
2020-06-04 14:14:27 WARN  TypeConfiguration$Scope:273 - HHH000233: Scoping types to session factory org.hibernate.internal.SessionFactoryImpl@68be990c after already scoped org.hibernate.internal.SessionFactoryImpl@68be990c
2020-06-04 14:14:27 TRACE AbstractServiceRegistryImpl:233 - Initializing service [role=org.hibernate.persister.spi.PersisterFactory]
2020-06-04 14:14:27 TRACE AbstractServiceRegistryImpl:233 - Initializing service [role=org.hibernate.persister.spi.PersisterClassResolver]
2020-06-04 14:14:27 TRACE AbstractServiceRegistryImpl:233 - Initializing service [role=org.hibernate.property.access.spi.PropertyAccessStrategyResolver]
2020-06-04 14:14:27 DEBUG ClassLoaderAccessImpl:60 - Not known whether passed class name [customer.model.Customer] is safe
2020-06-04 14:14:27 DEBUG ClassLoaderAccessImpl:62 - No temp ClassLoader provided; using live ClassLoader for loading potentially unsafe class : customer.model.Customer
2020-06-04 14:14:27 DEBUG ClassLoaderAccessImpl:60 - Not known whether passed class name [customer.model.Customer] is safe
2020-06-04 14:14:27 DEBUG ClassLoaderAccessImpl:62 - No temp ClassLoader provided; using live ClassLoader for loading potentially unsafe class : customer.model.Customer
2020-06-04 14:14:28 TRACE AbstractPropertyMapping:125 - Skipping duplicate registration of path [firstName], existing type = [org.hibernate.type.StringType@6b056079], incoming type = [org.hibernate.type.StringType@6b056079]
2020-06-04 14:14:28 TRACE AbstractPropertyMapping:125 - Skipping duplicate registration of path [lastName], existing type = [org.hibernate.type.StringType@6b056079], incoming type = [org.hibernate.type.StringType@6b056079]
2020-06-04 14:14:28 TRACE AbstractPropertyMapping:125 - Skipping duplicate registration of path [id], existing type = [org.hibernate.type.LongType@2f92e1cf], incoming type = [org.hibernate.type.LongType@2f92e1cf]
2020-06-04 14:14:28 DEBUG AbstractEntityPersister:3738 - Static SQL for entity: customer.model.Customer
2020-06-04 14:14:28 DEBUG AbstractEntityPersister:3743 -  Version select: select id from Customer where id =?
2020-06-04 14:14:28 DEBUG AbstractEntityPersister:3746 -  Snapshot select: select customer_.id, customer_.firstName as firstNam2_0_, customer_.lastName as lastName3_0_ from Customer customer_ where customer_.id=?
2020-06-04 14:14:28 DEBUG AbstractEntityPersister:394 -  Insert 0: insert into Customer (firstName, lastName, id) values (?, ?, ?)
2020-06-04 14:14:28 DEBUG AbstractEntityPersister:394 -  Update 0: update Customer set firstName=?, lastName=? where id=?
2020-06-04 14:14:28 DEBUG AbstractEntityPersister:394 -  Delete 0: delete from Customer where id=?
2020-06-04 14:14:28 TRACE AbstractLoadPlanBuildingAssociationVisitationStrategy:172 -  Starting root entity : customer.model.Customer
2020-06-04 14:14:28 DEBUG QuerySpacesImpl:174 - Adding QuerySpace : uid = <gen:0> -> org.hibernate.loader.plan.build.internal.spaces.EntityQuerySpaceImpl@64f52900]
2020-06-04 14:14:28 TRACE AbstractLoadPlanBuildingAssociationVisitationStrategy:113 - Pushing fetch source to stack : org.hibernate.loader.plan.build.internal.returns.EntityReturnImpl@348226a0
2020-06-04 14:14:28 TRACE AbstractLoadPlanBuildingAssociationVisitationStrategy:648 - .. Registering AssociationKey : AssociationKey(table=Customer, columns={id}) -> org.hibernate.loader.plan.build.internal.returns.EntityReturnImpl@348226a0
2020-06-04 14:14:28 TRACE AbstractLoadPlanBuildingAssociationVisitationStrategy:239 - >> Starting entity identifier : customer.model.Customer
2020-06-04 14:14:28 DEBUG MetamodelGraphWalker:139 - Visiting attribute path : firstName
2020-06-04 14:14:28 TRACE AbstractLoadPlanBuildingAssociationVisitationStrategy:547 - >> Starting attribute Attribute(name=firstName, type=string [non-identifier])
2020-06-04 14:14:28 TRACE AbstractLoadPlanBuildingAssociationVisitationStrategy:628 - << Finishing up attribute : Attribute(name=firstName, type=string [non-identifier])
2020-06-04 14:14:28 DEBUG MetamodelGraphWalker:139 - Visiting attribute path : lastName
2020-06-04 14:14:28 TRACE AbstractLoadPlanBuildingAssociationVisitationStrategy:547 - >> Starting attribute Attribute(name=lastName, type=string [non-identifier])
2020-06-04 14:14:28 TRACE AbstractLoadPlanBuildingAssociationVisitationStrategy:628 - << Finishing up attribute : Attribute(name=lastName, type=string [non-identifier])
2020-06-04 14:14:28 TRACE AbstractLoadPlanBuildingAssociationVisitationStrategy:120 - Popped fetch owner from stack : org.hibernate.loader.plan.build.internal.returns.EntityReturnImpl@348226a0
2020-06-04 14:14:28 TRACE AbstractLoadPlanBuildingAssociationVisitationStrategy:208 -  Finished root entity : customer.model.Customer
2020-06-04 14:14:28 DEBUG FetchStyleLoadPlanBuildingAssociationVisitationStrategy:150 - Building LoadPlan...
2020-06-04 14:14:28 DEBUG LoadQueryJoinAndFetchProcessor:102 - processing queryspace <gen:0>
2020-06-04 14:14:28 DEBUG LoadPlanTreePrinter:55 - LoadPlan(entity=customer.model.Customer)
    - Returns
       - EntityReturnImpl(entity=customer.model.Customer, querySpaceUid=<gen:0>, path=customer.model.Customer)
    - QuerySpaces
       - EntityQuerySpaceImpl(uid=<gen:0>, entity=customer.model.Customer)
          - SQL table alias mapping - customer0_
          - alias suffix - 0_
          - suffixed key columns - {id1_0_0_}

2020-06-04 14:14:28 DEBUG EntityLoader:137 - Static select for entity customer.model.Customer [NONE]: select customer0_.id as id1_0_0_, customer0_.firstName as firstNam2_0_0_, customer0_.lastName as lastName3_0_0_ from Customer customer0_ where customer0_.id=?
2020-06-04 14:14:28 TRACE AbstractLoadPlanBuildingAssociationVisitationStrategy:172 -  Starting root entity : customer.model.Customer
2020-06-04 14:14:28 DEBUG QuerySpacesImpl:174 - Adding QuerySpace : uid = <gen:0> -> org.hibernate.loader.plan.build.internal.spaces.EntityQuerySpaceImpl@26c1e7e5]
2020-06-04 14:14:28 TRACE AbstractLoadPlanBuildingAssociationVisitationStrategy:113 - Pushing fetch source to stack : org.hibernate.loader.plan.build.internal.returns.EntityReturnImpl@67b2a020
2020-06-04 14:14:28 TRACE AbstractLoadPlanBuildingAssociationVisitationStrategy:648 - .. Registering AssociationKey : AssociationKey(table=Customer, columns={id}) -> org.hibernate.loader.plan.build.internal.returns.EntityReturnImpl@67b2a020
2020-06-04 14:14:28 TRACE AbstractLoadPlanBuildingAssociationVisitationStrategy:239 - >> Starting entity identifier : customer.model.Customer
2020-06-04 14:14:28 DEBUG MetamodelGraphWalker:139 - Visiting attribute path : firstName
2020-06-04 14:14:28 TRACE AbstractLoadPlanBuildingAssociationVisitationStrategy:547 - >> Starting attribute Attribute(name=firstName, type=string [non-identifier])
2020-06-04 14:14:28 TRACE AbstractLoadPlanBuildingAssociationVisitationStrategy:628 - << Finishing up attribute : Attribute(name=firstName, type=string [non-identifier])
2020-06-04 14:14:28 DEBUG MetamodelGraphWalker:139 - Visiting attribute path : lastName
2020-06-04 14:14:28 TRACE AbstractLoadPlanBuildingAssociationVisitationStrategy:547 - >> Starting attribute Attribute(name=lastName, type=string [non-identifier])
2020-06-04 14:14:28 TRACE AbstractLoadPlanBuildingAssociationVisitationStrategy:628 - << Finishing up attribute : Attribute(name=lastName, type=string [non-identifier])
2020-06-04 14:14:28 TRACE AbstractLoadPlanBuildingAssociationVisitationStrategy:120 - Popped fetch owner from stack : org.hibernate.loader.plan.build.internal.returns.EntityReturnImpl@67b2a020
2020-06-04 14:14:28 TRACE AbstractLoadPlanBuildingAssociationVisitationStrategy:208 -  Finished root entity : customer.model.Customer
2020-06-04 14:14:28 DEBUG FetchStyleLoadPlanBuildingAssociationVisitationStrategy:150 - Building LoadPlan...
2020-06-04 14:14:28 DEBUG LoadQueryJoinAndFetchProcessor:102 - processing queryspace <gen:0>
2020-06-04 14:14:28 DEBUG LoadPlanTreePrinter:55 - LoadPlan(entity=customer.model.Customer)
    - Returns
       - EntityReturnImpl(entity=customer.model.Customer, querySpaceUid=<gen:0>, path=customer.model.Customer)
    - QuerySpaces
       - EntityQuerySpaceImpl(uid=<gen:0>, entity=customer.model.Customer)
          - SQL table alias mapping - customer0_
          - alias suffix - 0_
          - suffixed key columns - {id1_0_0_}

2020-06-04 14:14:28 DEBUG EntityLoader:137 - Static select for entity customer.model.Customer [READ]: select customer0_.id as id1_0_0_, customer0_.firstName as firstNam2_0_0_, customer0_.lastName as lastName3_0_0_ from Customer customer0_ where customer0_.id=?
2020-06-04 14:14:28 DEBUG Loader:38 - Static select for action ACTION_MERGE on entity customer.model.Customer: select customer0_.id as id1_0_0_, customer0_.firstName as firstNam2_0_0_, customer0_.lastName as lastName3_0_0_ from Customer customer0_ where customer0_.id=?
2020-06-04 14:14:28 DEBUG Loader:38 - Static select for action ACTION_REFRESH on entity customer.model.Customer: select customer0_.id as id1_0_0_, customer0_.firstName as firstNam2_0_0_, customer0_.lastName as lastName3_0_0_ from Customer customer0_ where customer0_.id=?
2020-06-04 14:14:28 TRACE MetadataContext:183 - Wrapping up metadata context...
2020-06-04 14:14:28 TRACE MetadataContext:195 - Starting entity [customer.model.Customer]
2020-06-04 14:14:28 TRACE AttributeFactory:125 - Building identifier attribute [customer.model.Customer.id]
2020-06-04 14:14:28 TRACE AttributeFactory:454 - Starting attribute metadata determination [id]
2020-06-04 14:14:28 TRACE AttributeFactory:459 -     Determined member [private java.lang.Long customer.model.Customer.id]
2020-06-04 14:14:28 TRACE AttributeFactory:463 -     Determined type [name=long, class=org.hibernate.type.LongType]
2020-06-04 14:14:28 TRACE AttributeFactory:74 - Building attribute [customer.model.Customer.firstName]
2020-06-04 14:14:28 TRACE AttributeFactory:454 - Starting attribute metadata determination [firstName]
2020-06-04 14:14:28 TRACE AttributeFactory:459 -     Determined member [private java.lang.String customer.model.Customer.firstName]
2020-06-04 14:14:28 TRACE AttributeFactory:463 -     Determined type [name=string, class=org.hibernate.type.StringType]
2020-06-04 14:14:28 TRACE AttributeFactory:74 - Building attribute [customer.model.Customer.lastName]
2020-06-04 14:14:28 TRACE AttributeFactory:454 - Starting attribute metadata determination [lastName]
2020-06-04 14:14:28 TRACE AttributeFactory:459 -     Determined member [private java.lang.String customer.model.Customer.lastName]
2020-06-04 14:14:28 TRACE AttributeFactory:463 -     Determined type [name=string, class=org.hibernate.type.StringType]
2020-06-04 14:14:28 TRACE MetadataContext:226 - Completed entity [customer.model.Customer]
2020-06-04 14:14:28 TRACE AbstractServiceRegistryImpl:233 - Initializing service [role=org.hibernate.tool.schema.spi.SchemaManagementTool]
2020-06-04 14:14:28 TRACE AbstractServiceRegistryImpl:233 - Initializing service [role=org.hibernate.resource.transaction.spi.TransactionCoordinatorBuilder]
2020-06-04 14:14:28 TRACE NormalizingIdentifierHelperImpl:191 - Normalizing identifier quoting for object name [management]
2020-06-04 14:14:28 TRACE NormalizingIdentifierHelperImpl:157 - Rendering unquoted identifier [management] in lower case for use in DatabaseMetaData
2020-06-04 14:14:28 TRACE NormalizingIdentifierHelperImpl:191 - Normalizing identifier quoting for object name [Customer]
2020-06-04 14:14:28 TRACE NormalizingIdentifierHelperImpl:157 - Rendering unquoted identifier [Customer] in lower case for use in DatabaseMetaData
2020-06-04 14:14:28 TRACE NormalizingIdentifierHelperImpl:191 - Normalizing identifier quoting for object name [id]
2020-06-04 14:14:28 TRACE NormalizingIdentifierHelperImpl:157 - Rendering unquoted identifier [id] in lower case for use in DatabaseMetaData
2020-06-04 14:14:28 TRACE NormalizingIdentifierHelperImpl:191 - Normalizing identifier quoting for object name [firstName]
2020-06-04 14:14:28 TRACE NormalizingIdentifierHelperImpl:157 - Rendering unquoted identifier [firstName] in lower case for use in DatabaseMetaData
2020-06-04 14:14:28 TRACE NormalizingIdentifierHelperImpl:191 - Normalizing identifier quoting for object name [lastName]
2020-06-04 14:14:28 TRACE NormalizingIdentifierHelperImpl:157 - Rendering unquoted identifier [lastName] in lower case for use in DatabaseMetaData
2020-06-04 14:14:28 DEBUG Table:528 - No alter strings for table : Customer
2020-06-04 14:14:28 TRACE NormalizingIdentifierHelperImpl:191 - Normalizing identifier quoting for object name [hibernate_sequence]
2020-06-04 14:14:28 TRACE NormalizingIdentifierHelperImpl:157 - Rendering unquoted identifier [hibernate_sequence] in lower case for use in DatabaseMetaData
2020-06-04 14:14:28 TRACE NormalizingIdentifierHelperImpl:191 - Normalizing identifier quoting for object name [next_val]
2020-06-04 14:14:28 TRACE NormalizingIdentifierHelperImpl:157 - Rendering unquoted identifier [next_val] in lower case for use in DatabaseMetaData
2020-06-04 14:14:28 DEBUG Table:528 - No alter strings for table : hibernate_sequence
2020-06-04 14:14:28 TRACE NormalizingIdentifierHelperImpl:191 - Normalizing identifier quoting for object name [Customer]
2020-06-04 14:14:28 TRACE NormalizingIdentifierHelperImpl:157 - Rendering unquoted identifier [Customer] in lower case for use in DatabaseMetaData
2020-06-04 14:14:28 TRACE UniqueConstraintSchemaUpdateStrategy:50 - Interpreting UniqueConstraintSchemaUpdateStrategy from setting : null
2020-06-04 14:14:28 TRACE NormalizingIdentifierHelperImpl:191 - Normalizing identifier quoting for object name [hibernate_sequence]
2020-06-04 14:14:28 TRACE NormalizingIdentifierHelperImpl:157 - Rendering unquoted identifier [hibernate_sequence] in lower case for use in DatabaseMetaData
2020-06-04 14:14:28 TRACE NormalizingIdentifierHelperImpl:191 - Normalizing identifier quoting for object name [Customer]
2020-06-04 14:14:28 TRACE NormalizingIdentifierHelperImpl:157 - Rendering unquoted identifier [Customer] in lower case for use in DatabaseMetaData
2020-06-04 14:14:28 TRACE NormalizingIdentifierHelperImpl:191 - Normalizing identifier quoting for object name [hibernate_sequence]
2020-06-04 14:14:28 TRACE NormalizingIdentifierHelperImpl:157 - Rendering unquoted identifier [hibernate_sequence] in lower case for use in DatabaseMetaData
2020-06-04 14:14:28 TRACE AbstractServiceRegistryImpl:233 - Initializing service [role=org.hibernate.engine.transaction.jta.platform.spi.JtaPlatform]
2020-06-04 14:14:28 DEBUG JtaPlatformInitiator:43 - No JtaPlatform was specified, checking resolver
2020-06-04 14:14:28 TRACE AbstractServiceRegistryImpl:233 - Initializing service [role=org.hibernate.engine.transaction.jta.platform.spi.JtaPlatformResolver]
2020-06-04 14:14:28 DEBUG JtaPlatformResolverInitiator:33 - No JtaPlatformResolver was specified, using default [org.hibernate.engine.transaction.jta.platform.internal.StandardJtaPlatformResolver]
2020-06-04 14:14:28 DEBUG StandardJtaPlatformResolver:110 - Could not resolve JtaPlatform, using default [org.hibernate.engine.transaction.jta.platform.internal.NoJtaPlatform]
2020-06-04 14:14:28 DEBUG NamedQueryRepository:151 - Checking 0 named HQL queries
2020-06-04 14:14:28 DEBUG NamedQueryRepository:167 - Checking 0 named SQL queries
2020-06-04 14:14:28 TRACE TypeConfiguration$Scope:184 - Handling #sessionFactoryCreated from [org.hibernate.internal.SessionFactoryImpl@68be990c] for TypeConfiguration
2020-06-04 14:14:28 DEBUG SessionFactoryRegistry:52 - Initializing SessionFactoryRegistry : org.hibernate.internal.SessionFactoryRegistry@6e537d3f
2020-06-04 14:14:28 DEBUG SessionFactoryRegistry:74 - Registering SessionFactory: 2a81aaae-d1fc-41b4-aa32-4cb0a301d7c3 (<unnamed>)
2020-06-04 14:14:28 DEBUG SessionFactoryRegistry:81 - Not binding SessionFactory to JNDI, no JNDI name configured
2020-06-04 14:14:29 TRACE SessionFactoryImpl$SessionBuilderImpl:1289 - Opening Hibernate Session.  tenant=null, owner=null
2020-06-04 14:14:29 TRACE AbstractServiceRegistryImpl:233 - Initializing service [role=org.hibernate.stat.spi.StatisticsImplementor]
2020-06-04 14:14:29 DEBUG StatisticsInitiator:101 - Statistics initialized [enabled=false]
2020-06-04 14:14:29 TRACE SessionImpl:288 - Opened Session [24271ee9-9ea7-4517-92d6-6b11ca649d34] at timestamp: 1591254869871
2020-06-04 14:14:43 TRACE SessionFactoryImpl$SessionBuilderImpl:1289 - Opening Hibernate Session.  tenant=null, owner=null
2020-06-04 14:14:43 TRACE SessionImpl:288 - Opened Session [b527020c-4d98-4a45-a7e7-d375149b99a2] at timestamp: 1591254883426
2020-06-04 14:14:43 DEBUG TransactionImpl:56 - On TransactionImpl creation, JpaCompliance#isJpaTransactionComplianceEnabled == false
2020-06-04 14:14:43 DEBUG TransactionImpl:78 - begin
2020-06-04 14:14:43 TRACE AbstractLogicalConnectionImplementor:66 - Preparing to begin transaction via JDBC Connection.setAutoCommit(false)
2020-06-04 14:14:43 TRACE AbstractLogicalConnectionImplementor:68 - Transaction begun via JDBC Connection.setAutoCommit(false)
2020-06-04 14:14:43 TRACE JdbcResourceLocalTransactionCoordinatorImpl:172 - ResourceLocalTransactionCoordinatorImpl#afterBeginCallback
2020-06-04 14:14:43 TRACE CustomerRepositoryImpl:23 - Vao findAll
2020-06-04 14:14:43 TRACE QueryPlanCache:152 - Unable to locate HQL query plan in cache; generating (select c from Customer as c)
2020-06-04 14:14:43 TRACE AbstractServiceRegistryImpl:233 - Initializing service [role=org.hibernate.hql.spi.QueryTranslatorFactory]
2020-06-04 14:14:43 DEBUG QueryTranslatorFactoryInitiator:45 - QueryTranslatorFactory : org.hibernate.hql.internal.ast.ASTQueryTranslatorFactory@45846386
2020-06-04 14:14:43 INFO  QueryTranslatorFactoryInitiator:47 - HHH000397: Using ASTQueryTranslatorFactory
2020-06-04 14:14:43 DEBUG QueryTranslatorImpl:287 - parse() - HQL: select c from customer.model.Customer as c
2020-06-04 14:14:43 DEBUG ErrorTracker:97 - throwQueryException() : no errors
2020-06-04 14:14:43 DEBUG QueryTranslatorImpl:308 - --- HQL AST ---
 \-[QUERY] Node: 'query'
    \-[SELECT_FROM] Node: 'SELECT_FROM'
       +-[FROM] Node: 'from'
       |  \-[RANGE] Node: 'RANGE'
       |     +-[DOT] Node: '.'
       |     |  +-[DOT] Node: '.'
       |     |  |  +-[IDENT] Node: 'customer'
       |     |  |  \-[IDENT] Node: 'model'
       |     |  \-[IDENT] Node: 'Customer'
       |     \-[ALIAS] Node: 'c'
       \-[SELECT] Node: 'select'
          \-[IDENT] Node: 'c'

2020-06-04 14:14:43 DEBUG HqlSqlBaseWalker:124 - select << begin [level=1, statement=select]
2020-06-04 14:14:43 DEBUG FromElement:146 - FromClause{level=1} : customer.model.Customer (c) -> customer0_
2020-06-04 14:14:43 DEBUG FromReferenceNode:60 - Resolved : c -> customer0_.id
2020-06-04 14:14:43 DEBUG HqlSqlBaseWalker:128 - select : finishing up [level=1, statement=select]
2020-06-04 14:14:43 DEBUG HqlSqlWalker:752 - processQuery() :  ( SELECT ( {select clause} customer0_.id ) ( FromClause{level=1} Customer customer0_ ) )
2020-06-04 14:14:43 DEBUG JoinProcessor:192 - Using FROM fragment [Customer customer0_]
2020-06-04 14:14:43 DEBUG HqlSqlBaseWalker:132 - select >> end [level=1, statement=select]
2020-06-04 14:14:43 DEBUG QueryTranslatorImpl:274 - --- SQL AST ---
 \-[SELECT] QueryNode: 'SELECT'  querySpaces (Customer)
    +-[SELECT_CLAUSE] SelectClause: '{select clause}'
    |  +-[ALIAS_REF] IdentNode: 'customer0_.id as id1_0_' {alias=c, className=customer.model.Customer, tableAlias=customer0_}
    |  \-[SQL_TOKEN] SqlFragment: 'customer0_.firstName as firstNam2_0_, customer0_.lastName as lastName3_0_'
    \-[FROM] FromClause: 'from' FromClause{level=1, fromElementCounter=1, fromElements=1, fromElementByClassAlias=[c], fromElementByTableAlias=[customer0_], fromElementsByPath=[], collectionJoinFromElementsByPath=[], impliedElements=[]}
       \-[FROM_FRAGMENT] FromElement: 'Customer customer0_' FromElement{explicit,not a collection join,not a fetch join,fetch non-lazy properties,classAlias=c,role=null,tableName=Customer,tableAlias=customer0_,origin=null,columns={,className=customer.model.Customer}}

2020-06-04 14:14:43 DEBUG ErrorTracker:97 - throwQueryException() : no errors
2020-06-04 14:14:43 DEBUG QueryTranslatorImpl:253 - HQL: select c from customer.model.Customer as c
2020-06-04 14:14:43 DEBUG QueryTranslatorImpl:254 - SQL: select customer0_.id as id1_0_, customer0_.firstName as firstNam2_0_, customer0_.lastName as lastName3_0_ from Customer customer0_
2020-06-04 14:14:43 DEBUG ErrorTracker:97 - throwQueryException() : no errors
2020-06-04 14:14:43 TRACE QueryPlanCache:157 - Located HQL query plan in cache (select c from Customer as c)
2020-06-04 14:14:43 INFO  CustomerRepositoryImpl:26 - org.hibernate.query.internal.QueryImpl@3cb59e19
2020-06-04 14:14:43 TRACE CustomerRepositoryImpl:27 - Thoat findAll
2020-06-04 14:14:43 TRACE QueryPlanCache:157 - Located HQL query plan in cache (select c from Customer as c)
2020-06-04 14:14:43 TRACE HQLQueryPlan:198 - Find: select c from Customer as c
2020-06-04 14:14:43 TRACE QueryParameters:325 - Named parameters: {}
2020-06-04 14:14:43 DEBUG SQL:94 - select customer0_.id as id1_0_, customer0_.firstName as firstNam2_0_, customer0_.lastName as lastName3_0_ from Customer customer0_
2020-06-04 14:14:43 TRACE ResourceRegistryStandardImpl:66 - Registering statement [com.mysql.cj.jdbc.ClientPreparedStatement: select customer0_.id as id1_0_, customer0_.firstName as firstNam2_0_, customer0_.lastName as lastName3_0_ from Customer customer0_]
2020-06-04 14:14:43 TRACE JdbcCoordinatorImpl:339 - Registering last query statement [com.mysql.cj.jdbc.ClientPreparedStatement: select customer0_.id as id1_0_, customer0_.firstName as firstNam2_0_, customer0_.lastName as lastName3_0_ from Customer customer0_]
2020-06-04 14:14:43 TRACE Loader:2034 - Bound [1] parameters total
2020-06-04 14:14:43 TRACE ResourceRegistryStandardImpl:193 - Registering result set [com.mysql.cj.jdbc.result.ResultSetImpl@54c25c16]
2020-06-04 14:14:43 TRACE Loader:983 - Processing result set
2020-06-04 14:14:43 DEBUG Loader:384 - Result set row: 0
2020-06-04 14:14:43 TRACE BasicExtractor:61 - extracted value ([id1_0_] : [BIGINT]) - [1]
2020-06-04 14:14:43 DEBUG Loader:1532 - Result row: EntityKey[customer.model.Customer#1]
2020-06-04 14:14:43 TRACE Loader:1718 - Initializing object from ResultSet: [customer.model.Customer#1]
2020-06-04 14:14:43 TRACE AbstractEntityPersister:2894 - Hydrating entity: [customer.model.Customer#1]
2020-06-04 14:14:43 TRACE BasicExtractor:61 - extracted value ([firstNam2_0_] : [VARCHAR]) - [huy]
2020-06-04 14:14:43 TRACE BasicExtractor:61 - extracted value ([lastName3_0_] : [VARCHAR]) - [tran]
2020-06-04 14:14:43 DEBUG Loader:384 - Result set row: 1
2020-06-04 14:14:43 TRACE BasicExtractor:61 - extracted value ([id1_0_] : [BIGINT]) - [2]
2020-06-04 14:14:43 DEBUG Loader:1532 - Result row: EntityKey[customer.model.Customer#2]
2020-06-04 14:14:43 TRACE Loader:1718 - Initializing object from ResultSet: [customer.model.Customer#2]
2020-06-04 14:14:43 TRACE AbstractEntityPersister:2894 - Hydrating entity: [customer.model.Customer#2]
2020-06-04 14:14:43 TRACE BasicExtractor:61 - extracted value ([firstNam2_0_] : [VARCHAR]) - [test]
2020-06-04 14:14:43 TRACE BasicExtractor:61 - extracted value ([lastName3_0_] : [VARCHAR]) - [test1]
2020-06-04 14:14:43 DEBUG Loader:384 - Result set row: 2
2020-06-04 14:14:43 TRACE BasicExtractor:61 - extracted value ([id1_0_] : [BIGINT]) - [7]
2020-06-04 14:14:43 DEBUG Loader:1532 - Result row: EntityKey[customer.model.Customer#7]
2020-06-04 14:14:43 TRACE Loader:1718 - Initializing object from ResultSet: [customer.model.Customer#7]
2020-06-04 14:14:43 TRACE AbstractEntityPersister:2894 - Hydrating entity: [customer.model.Customer#7]
2020-06-04 14:14:43 TRACE BasicExtractor:61 - extracted value ([firstNam2_0_] : [VARCHAR]) - [test113]
2020-06-04 14:14:43 TRACE BasicExtractor:61 - extracted value ([lastName3_0_] : [VARCHAR]) - [Tran]
2020-06-04 14:14:43 TRACE Loader:1008 - Done processing result set (3 rows)
2020-06-04 14:14:43 TRACE Loader:1149 - Total objects hydrated: 3
2020-06-04 14:14:43 DEBUG TwoPhaseLoad:145 - Resolving associations for [customer.model.Customer#1]
2020-06-04 14:14:43 DEBUG TwoPhaseLoad:290 - Done materializing entity [customer.model.Customer#1]
2020-06-04 14:14:43 DEBUG TwoPhaseLoad:145 - Resolving associations for [customer.model.Customer#2]
2020-06-04 14:14:43 DEBUG TwoPhaseLoad:290 - Done materializing entity [customer.model.Customer#2]
2020-06-04 14:14:43 DEBUG TwoPhaseLoad:145 - Resolving associations for [customer.model.Customer#7]
2020-06-04 14:14:43 DEBUG TwoPhaseLoad:290 - Done materializing entity [customer.model.Customer#7]
2020-06-04 14:14:43 TRACE ResourceRegistryStandardImpl:79 - Releasing statement [com.mysql.cj.jdbc.ClientPreparedStatement: select customer0_.id as id1_0_, customer0_.firstName as firstNam2_0_, customer0_.lastName as lastName3_0_ from Customer customer0_]
2020-06-04 14:14:43 TRACE ResourceRegistryStandardImpl:143 - Closing result set [com.mysql.cj.jdbc.result.ResultSetImpl@54c25c16]
2020-06-04 14:14:43 TRACE ResourceRegistryStandardImpl:159 - Closing prepared statement [com.mysql.cj.jdbc.ClientPreparedStatement: select customer0_.id as id1_0_, customer0_.firstName as firstNam2_0_, customer0_.lastName as lastName3_0_ from Customer customer0_]
2020-06-04 14:14:43 TRACE JdbcCoordinatorImpl:269 - Starting after statement execution processing [ON_CLOSE]
2020-06-04 14:14:43 TRACE StatefulPersistenceContext:917 - Initializing non-lazy collections
2020-06-04 14:14:43 DEBUG TransactionImpl:95 - committing
2020-06-04 14:14:43 TRACE JdbcResourceLocalTransactionCoordinatorImpl:176 - ResourceLocalTransactionCoordinatorImpl#beforeCompletionCallback
2020-06-04 14:14:43 TRACE SessionImpl:2471 - SessionImpl#beforeTransactionCompletion()
2020-06-04 14:14:43 TRACE SessionImpl:508 - Automatically flushing session
2020-06-04 14:14:43 TRACE AbstractFlushingEventListener:76 - Flushing session
2020-06-04 14:14:43 DEBUG AbstractFlushingEventListener:141 - Processing flush-time cascades
2020-06-04 14:14:43 TRACE Cascade:86 - Processing cascade ACTION_PERSIST_ON_FLUSH for: customer.model.Customer
2020-06-04 14:14:43 TRACE Cascade:172 - Done processing cascade ACTION_PERSIST_ON_FLUSH for: customer.model.Customer
2020-06-04 14:14:43 TRACE Cascade:86 - Processing cascade ACTION_PERSIST_ON_FLUSH for: customer.model.Customer
2020-06-04 14:14:43 TRACE Cascade:172 - Done processing cascade ACTION_PERSIST_ON_FLUSH for: customer.model.Customer
2020-06-04 14:14:43 TRACE Cascade:86 - Processing cascade ACTION_PERSIST_ON_FLUSH for: customer.model.Customer
2020-06-04 14:14:43 TRACE Cascade:172 - Done processing cascade ACTION_PERSIST_ON_FLUSH for: customer.model.Customer
2020-06-04 14:14:43 DEBUG AbstractFlushingEventListener:193 - Dirty checking collections
2020-06-04 14:14:43 TRACE AbstractFlushingEventListener:208 - Flushing entities and processing referenced collections
2020-06-04 14:14:43 TRACE AbstractFlushingEventListener:251 - Processing unreferenced collections
2020-06-04 14:14:43 TRACE AbstractFlushingEventListener:268 - Scheduling collection removes/(re)creates/updates
2020-06-04 14:14:43 DEBUG AbstractFlushingEventListener:115 - Flushed: 0 insertions, 0 updates, 0 deletions to 3 objects
2020-06-04 14:14:43 DEBUG AbstractFlushingEventListener:122 - Flushed: 0 (re)creations, 0 updates, 0 removals to 0 collections
2020-06-04 14:14:43 DEBUG EntityPrinter:102 - Listing entities:
2020-06-04 14:14:43 DEBUG EntityPrinter:109 - customer.model.Customer{firstName=test, lastName=test1, id=2}
2020-06-04 14:14:43 DEBUG EntityPrinter:109 - customer.model.Customer{firstName=huy, lastName=tran, id=1}
2020-06-04 14:14:43 DEBUG EntityPrinter:109 - customer.model.Customer{firstName=test113, lastName=Tran, id=7}
2020-06-04 14:14:43 TRACE AbstractFlushingEventListener:344 - Executing flush
2020-06-04 14:14:43 TRACE JdbcCoordinatorImpl:269 - Starting after statement execution processing [ON_CLOSE]
2020-06-04 14:14:43 TRACE AbstractFlushingEventListener:376 - Post flush
2020-06-04 14:14:43 TRACE SynchronizationRegistryStandardImpl:55 - SynchronizationRegistryStandardImpl.notifySynchronizationsBeforeTransactionCompletion
2020-06-04 14:14:43 TRACE AbstractLogicalConnectionImplementor:80 - Preparing to commit transaction via JDBC Connection.commit()
2020-06-04 14:14:43 TRACE AbstractLogicalConnectionImplementor:83 - Transaction committed via JDBC Connection.commit()
2020-06-04 14:14:43 TRACE AbstractLogicalConnectionImplementor:100 - re-enabling auto-commit on JDBC Connection after completion of JDBC-based transaction
2020-06-04 14:14:43 TRACE AbstractLogicalConnectionImplementor:53 - LogicalConnection#afterTransaction
2020-06-04 14:14:43 TRACE ResourceRegistryStandardImpl:297 - Releasing JDBC resources
2020-06-04 14:14:43 TRACE JdbcResourceLocalTransactionCoordinatorImpl:194 - ResourceLocalTransactionCoordinatorImpl#afterCompletionCallback(true)
2020-06-04 14:14:43 TRACE SynchronizationRegistryStandardImpl:159 - SynchronizationRegistryStandardImpl.notifySynchronizationsAfterTransactionCompletion(3)
2020-06-04 14:14:43 TRACE SessionImpl:2485 - SessionImpl#afterTransactionCompletion(successful=true, delayed=false)
2020-06-04 14:14:43 TRACE SessionImpl:422 - Closing session [b527020c-4d98-4a45-a7e7-d375149b99a2]
2020-06-04 14:14:43 TRACE JdbcCoordinatorImpl:179 - Closing JDBC container [org.hibernate.engine.jdbc.internal.JdbcCoordinatorImpl@240c2c87]
2020-06-04 14:14:43 TRACE ResourceRegistryStandardImpl:297 - Releasing JDBC resources
2020-06-04 14:14:43 TRACE LogicalConnectionManagedImpl:237 - Closing logical connection
2020-06-04 14:14:43 TRACE ResourceRegistryStandardImpl:297 - Releasing JDBC resources
2020-06-04 14:14:43 TRACE LogicalConnectionManagedImpl:244 - Logical connection closed
2020-06-04 14:16:39 TRACE SessionImpl:422 - Closing session [24271ee9-9ea7-4517-92d6-6b11ca649d34]
2020-06-04 14:16:39 TRACE JdbcCoordinatorImpl:179 - Closing JDBC container [org.hibernate.engine.jdbc.internal.JdbcCoordinatorImpl@32eebfca]
2020-06-04 14:16:39 TRACE ResourceRegistryStandardImpl:297 - Releasing JDBC resources
2020-06-04 14:16:39 TRACE LogicalConnectionManagedImpl:237 - Closing logical connection
2020-06-04 14:16:39 TRACE LogicalConnectionManagedImpl:244 - Logical connection closed
2020-06-04 14:16:39 DEBUG SessionFactoryImpl:792 - HHH000031: Closing
2020-06-04 14:16:39 TRACE QueryPlanCache:226 - Cleaning QueryPlan Cache
2020-06-04 14:16:39 TRACE TypeConfiguration$Scope:190 - Handling #sessionFactoryClosed from [org.hibernate.internal.SessionFactoryImpl@68be990c] for TypeConfiguration
2020-06-04 14:16:39 DEBUG TypeConfiguration$Scope:291 - Un-scoping TypeConfiguration [org.hibernate.type.spi.TypeConfiguration$Scope@4e718207] from SessionFactory [org.hibernate.internal.SessionFactoryImpl@68be990c]
2020-06-04 14:16:39 DEBUG AbstractServiceRegistryImpl:418 - Implicitly destroying ServiceRegistry on de-registration of all child ServiceRegistries
2020-06-04 14:16:39 DEBUG BootstrapServiceRegistryImpl:295 - Implicitly destroying Boot-strap registry on de-registration of all child ServiceRegistries
